#
# A fatal error has been detected by the Java Runtime Environment:
#
#  SIGSEGV (0xb) at pc=0x00007f9689d7bf8b, pid=3168, tid=0x00007f965e933700
#
# JRE version: OpenJDK Runtime Environment (8.0_112-b06) (build 1.8.0_112-release-b06)
# Java VM: OpenJDK 64-Bit Server VM (25.112-b06 mixed mode linux-amd64 compressed oops)
# Problematic frame:
# V  [libjvm.so+0x718f8b]  PhaseCFG::schedule_local(Block*, GrowableArray<int>&, VectorSet&)+0x55b
#
# Failed to write core dump. Core dumps have been disabled. To enable core dumping, try "ulimit -c unlimited" before starting Java again
#
# If you would like to submit a bug report, please visit:
#   http://bugreport.java.com/bugreport/crash.jsp
#

---------------  T H R E A D  ---------------

Current thread (0x00007f96840ba800):  JavaThread "C2 CompilerThread1" daemon [_thread_in_native, id=3181, stack(0x00007f965e833000,0x00007f965e934000)]

siginfo: si_signo: 11 (SIGSEGV), si_code: 1 (SEGV_MAPERR), si_addr: 0x00007f9840d4d1f0

Registers:
RAX=0x00007f964013faf0, RBX=0x00007f9644897a50, RCX=0x00007f9640351770, RDX=0x000000004013f750
RSP=0x00007f965e92f8f0, RBP=0x00007f965e92f9f0, RSI=0x000000004013f750, RDI=0x000000000000000e
R8 =0x00007f965e92fa50, R9 =0x0000000000001c41, R10=0x0000000000000001, R11=0x0000000000000009
R12=0x00007f965e92fb30, R13=0x0000000000000001, R14=0x00007f964013fa88, R15=0x00007f964013fa78
RIP=0x00007f9689d7bf8b, EFLAGS=0x0000000000010287, CSGSFS=0x0000000000000033, ERR=0x0000000000000004
  TRAPNO=0x000000000000000e

Top of Stack: (sp=0x00007f965e92f8f0)
0x00007f965e92f8f0:   00007f965e92fa50 000000000000c920
0x00007f965e92f900:   00007f965e92fb88 0000000000000000
0x00007f965e92f910:   000000065e92f990 00007f964c381e50
0x00007f965e92f920:   00007f965e92f950 00007f9644897a60
0x00007f965e92f930:   0000000000003243 00007f965e92f970
0x00007f965e92f940:   00007f965e92fa50 00007f965e92fa90
0x00007f965e92f950:   00007f968401bce0 00007f9600000004
0x00007f965e92f960:   00007f9641218e60 0000000000000000
0x00007f965e92f970:   00007f968401bce0 00007f9600000020
0x00007f965e92f980:   00007f9641218e80 00007f960000000b
0x00007f965e92f990:   00007f965e92f9f0 00007f9689c19a2a
0x00007f965e92f9a0:   0000000000000008 00007f965e92fa50
0x00007f965e92f9b0:   00007f965e92fa50 00007f968401bce0
0x00007f965e92f9c0:   00007f964058fa20 00000000000005f6
0x00007f965e92f9d0:   00007f965e92fa50 00007f968401bce0
0x00007f965e92f9e0:   00007f965e92fa90 00007f965e92fb30
0x00007f965e92f9f0:   00007f965e92fae0 00007f9689befb87
0x00007f965e92fa00:   00007f965e92fa70 00007f965e92fa50
0x00007f965e92fa10:   00007f965e92fb30 00007f968401bce0
0x00007f965e92fa20:   0000000000230580 00007f96441adb48
0x00007f965e92fa30:   00007f96441ada70 00007f96441a5b60
0x00007f965e92fa40:   00007f965e92fa90 00007f968401bce0
0x00007f965e92fa50:   00007f968a4f0f70 00007f968401bce0
0x00007f965e92fa60:   0000000000000200 00007f964068b3a0
0x00007f965e92fa70:   00007f968401bce0 00007f9600002000
0x00007f965e92fa80:   00007f9640cd22e0 00007f9600000000
0x00007f965e92fa90:   0000324300003243 0000000000000000
0x00007f965e92faa0:   00007f9600000007 00007f9640d1d3b0
0x00007f965e92fab0:   00007f965e92fb10 00007f965e92fb30
0x00007f965e92fac0:   00007f965e92fcf0 00007f965e931460
0x00007f965e92fad0:   00007f965e92fb30 00007f965e931fd0
0x00007f965e92fae0:   00007f965e92fb10 00007f9689beff2d 

Instructions: (pc=0x00007f9689d7bf8b)
0x00007f9689d7bf6b:   00 00 00 00 00 49 83 c7 08 4d 39 f7 0f 83 a3 00
0x00007f9689d7bf7b:   00 00 49 8b 07 49 8b 4c 24 68 48 63 50 28 89 d6
0x00007f9689d7bf8b:   48 3b 1c f1 75 df 0f b7 48 2c 83 e1 0f 66 83 f9
0x00007f9689d7bf9b:   0c 74 d2 39 95 40 ff ff ff 76 ca 48 8b bd 58 ff 

Register to memory mapping:

RAX=0x00007f964013faf0 is an unknown value
RBX=0x00007f9644897a50 is an unknown value
RCX=0x00007f9640351770 is an unknown value
RDX=0x000000004013f750 is an unknown value
RSP=0x00007f965e92f8f0 is pointing into the stack for thread: 0x00007f96840ba800
RBP=0x00007f965e92f9f0 is pointing into the stack for thread: 0x00007f96840ba800
RSI=0x000000004013f750 is an unknown value
RDI=0x000000000000000e is an unknown value
R8 =0x00007f965e92fa50 is pointing into the stack for thread: 0x00007f96840ba800
R9 =0x0000000000001c41 is an unknown value
R10=0x0000000000000001 is an unknown value
R11=0x0000000000000009 is an unknown value
R12=0x00007f965e92fb30 is pointing into the stack for thread: 0x00007f96840ba800
R13=0x0000000000000001 is an unknown value
R14=0x00007f964013fa88 is an unknown value
R15=0x00007f964013fa78 is an unknown value


Stack: [0x00007f965e833000,0x00007f965e934000],  sp=0x00007f965e92f8f0,  free space=1010k
Native frames: (J=compiled Java code, j=interpreted, Vv=VM code, C=native code)
V  [libjvm.so+0x718f8b]  PhaseCFG::schedule_local(Block*, GrowableArray<int>&, VectorSet&)+0x55b
V  [libjvm.so+0x58cb87]  PhaseCFG::global_code_motion()+0x6c7
V  [libjvm.so+0x58cf2d]  PhaseCFG::do_global_code_motion()+0x4d
V  [libjvm.so+0x465dc9]  Compile::Code_Gen()+0x1e9
V  [libjvm.so+0x46712e]  Compile::Compile(ciEnv*, C2Compiler*, ciMethod*, int, bool, bool, bool)+0x113e
V  [libjvm.so+0x3c4aa8]  C2Compiler::compile_method(ciEnv*, ciMethod*, int)+0x1c8
V  [libjvm.so+0x46f7c2]  CompileBroker::invoke_compiler_on_method(CompileTask*)+0x8b2
V  [libjvm.so+0x470678]  CompileBroker::compiler_thread_loop()+0x4e8
V  [libjvm.so+0x990df8]  JavaThread::thread_main_inner()+0xd8
V  [libjvm.so+0x849c82]  java_start(Thread*)+0xf2
C  [libpthread.so.0+0x76ba]  start_thread+0xca


Current CompileTask:
C2:  17628 9397       4       com.android.utils.PositionXmlParser::getPositionHelper (757 bytes)


---------------  P R O C E S S  ---------------

Java Threads: ( => current thread )
  0x00007f95f4007000 JavaThread "process reaper" daemon [_thread_blocked, id=3225, stack(0x00007f96149bc000,0x00007f96149f5000)]
  0x00007f95fc001800 JavaThread "process reaper" daemon [_thread_blocked, id=3216, stack(0x00007f96151fd000,0x00007f9615236000)]
  0x00007f95f0001800 JavaThread "process reaper" daemon [_thread_blocked, id=3215, stack(0x00007f9615236000,0x00007f961526f000)]
  0x00000000022e5800 JavaThread "process reaper" daemon [_thread_blocked, id=3214, stack(0x00007f961526f000,0x00007f96152a8000)]
  0x00007f96255af000 JavaThread "pool-3-thread-4" [_thread_blocked, id=3203, stack(0x00007f96157ad000,0x00007f96158ae000)]
  0x00007f96255b6800 JavaThread "pool-3-thread-3" [_thread_blocked, id=3202, stack(0x00007f96158ae000,0x00007f96159af000)]
  0x00007f96255bf800 JavaThread "pool-3-thread-2" [_thread_blocked, id=3201, stack(0x00007f96159af000,0x00007f9615ab0000)]
  0x00007f96255c9000 JavaThread "pool-3-thread-1" [_thread_blocked, id=3200, stack(0x00007f9615ab0000,0x00007f9615bb1000)]
  0x00007f9625754800 JavaThread "Cache update executor" [_thread_blocked, id=3199, stack(0x00007f9615fb1000,0x00007f96160b2000)]
  0x00007f962455d800 JavaThread "pool-2-thread-1" [_thread_blocked, id=3198, stack(0x00007f9616ec5000,0x00007f9616fc6000)]
  0x00007f9624e52800 JavaThread "File lock request listener" [_thread_in_native, id=3197, stack(0x00007f96176f3000,0x00007f96177f4000)]
  0x00007f9624c27800 JavaThread "process reaper" daemon [_thread_blocked, id=3196, stack(0x00007f965c06e000,0x00007f965c0a7000)]
  0x00007f9624007800 JavaThread "Stdin handler" [_thread_blocked, id=3194, stack(0x00007f965c321000,0x00007f965c422000)]
  0x00007f9624006000 JavaThread "Asynchronous log dispatcher for DefaultDaemonConnection: socket connection from /127.0.0.1:36529 to /127.0.0.1:40018" [_thread_blocked, id=3192, stack(0x00007f965c422000,0x00007f965c523000)]
  0x00007f963400a800 JavaThread "Daemon worker" [_thread_in_native, id=3190, stack(0x00007f965c523000,0x00007f965c624000)]
  0x00007f9634004000 JavaThread "Cancel handler" [_thread_blocked, id=3189, stack(0x00007f965c624000,0x00007f965c725000)]
  0x00007f9684d1c800 JavaThread "pool-1-thread-1" [_thread_blocked, id=3188, stack(0x00007f965c725000,0x00007f965c826000)]
  0x00007f9634005800 JavaThread "Handler for socket connection from /127.0.0.1:36529 to /127.0.0.1:40018" [_thread_in_native, id=3187, stack(0x00007f965ca26000,0x00007f965cb27000)]
  0x00007f9630035800 JavaThread "Daemon" [_thread_blocked, id=3186, stack(0x00007f965cb27000,0x00007f965cc28000)]
  0x00007f9684ce6800 JavaThread "Incoming local TCP Connector on port 36529" [_thread_in_native, id=3185, stack(0x00007f965ce2f000,0x00007f965cf30000)]
  0x00007f96840bf000 JavaThread "Service Thread" daemon [_thread_blocked, id=3183, stack(0x00007f965e631000,0x00007f965e732000)]
  0x00007f96840bc800 JavaThread "C1 CompilerThread2" daemon [_thread_blocked, id=3182, stack(0x00007f965e732000,0x00007f965e833000)]
=>0x00007f96840ba800 JavaThread "C2 CompilerThread1" daemon [_thread_in_native, id=3181, stack(0x00007f965e833000,0x00007f965e934000)]
  0x00007f96840b7800 JavaThread "C2 CompilerThread0" daemon [_thread_blocked, id=3180, stack(0x00007f965e934000,0x00007f965ea35000)]
  0x00007f96840b6000 JavaThread "Signal Dispatcher" daemon [_thread_blocked, id=3179, stack(0x00007f965ea35000,0x00007f965eb36000)]
  0x00007f9684083800 JavaThread "Finalizer" daemon [_thread_blocked, id=3178, stack(0x00007f965f4f5000,0x00007f965f5f6000)]
  0x00007f968407f000 JavaThread "Reference Handler" daemon [_thread_blocked, id=3177, stack(0x00007f965f5f6000,0x00007f965f6f7000)]
  0x00007f968400a000 JavaThread "main" [_thread_blocked, id=3171, stack(0x00007f968b065000,0x00007f968b166000)]

Other Threads:
  0x00007f9684077800 VMThread [stack: 0x00007f965f6f7000,0x00007f965f7f8000] [id=3176]
  0x00007f96840c1800 WatcherThread [stack: 0x00007f965e530000,0x00007f965e631000] [id=3184]

VM state:not at safepoint (normal execution)

VM Mutex/Monitor currently owned by a thread: None

Heap:
 PSYoungGen      total 230400K, used 222420K [0x00000000e0000000, 0x00000000f3400000, 0x0000000100000000)
  eden space 198656K, 99% used [0x00000000e0000000,0x00000000ec19c750,0x00000000ec200000)
  from space 31744K, 76% used [0x00000000ec200000,0x00000000ed998b78,0x00000000ee100000)
  to   space 33280K, 0% used [0x00000000f1380000,0x00000000f1380000,0x00000000f3400000)
 ParOldGen       total 107008K, used 54500K [0x00000000a0000000, 0x00000000a6880000, 0x00000000e0000000)
  object space 107008K, 50% used [0x00000000a0000000,0x00000000a3539058,0x00000000a6880000)
 Metaspace       used 56905K, capacity 58550K, committed 58880K, reserved 1099776K
  class space    used 7512K, capacity 7884K, committed 7936K, reserved 1048576K

Card table byte_map: [0x00007f967493f000,0x00007f9674c40000] byte_map_base: 0x00007f967443f000

Marking Bits: (ParMarkBitMap*) 0x00007f968a531340
 Begin Bits: [0x00007f9665000000, 0x00007f9666800000)
 End Bits:   [0x00007f9666800000, 0x00007f9668000000)

Polling page: 0x00007f968b183000

CodeCache: size=245760Kb used=26315Kb max_used=26399Kb free=219444Kb
 bounds [0x00007f9675000000, 0x00007f9676a10000, 0x00007f9684000000]
 total_blobs=8674 nmethods=7909 adapters=678
 compilation: enabled

Compilation events (10 events):
Event: 17.444 Thread 0x00007f96840bc800 9553       3       com.sun.tools.javac.util.List::of (12 bytes)
Event: 17.444 Thread 0x00007f96840bc800 nmethod 9553 0x00007f9676213110 code [0x00007f96762132a0, 0x00007f96762135d0]
Event: 17.526 Thread 0x00007f96840b7800 9555       4       java.io.File::isFile (43 bytes)
Event: 17.535 Thread 0x00007f96840b7800 nmethod 9555 0x00007f9676466d50 code [0x00007f9676466f20, 0x00007f96764676d8]
Event: 17.587 Thread 0x00007f96840bc800 9556       3       java.util.WeakHashMap::<init> (133 bytes)
Event: 17.589 Thread 0x00007f96840bc800 nmethod 9556 0x00007f96752cac10 code [0x00007f96752caf00, 0x00007f96752cc668]
Event: 17.611 Thread 0x00007f96840bc800 9557       1       com.sun.tools.javac.file.Locations::access$500 (5 bytes)
Event: 17.611 Thread 0x00007f96840bc800 nmethod 9557 0x00007f967697a5d0 code [0x00007f967697a720, 0x00007f967697a810]
Event: 17.611 Thread 0x00007f96840bc800 9558       3       java.util.zip.ZipFile::<init> (197 bytes)
Event: 17.613 Thread 0x00007f96840bc800 nmethod 9558 0x00007f967584f590 code [0x00007f967584f9a0, 0x00007f9675852058]

GC Heap History (10 events):
Event: 7.284 GC heap before
{Heap before GC invocations=9 (full 2):
 PSYoungGen      total 122880K, used 119808K [0x00000000e0000000, 0x00000000eb500000, 0x0000000100000000)
  eden space 119808K, 100% used [0x00000000e0000000,0x00000000e7500000,0x00000000e7500000)
  from space 3072K, 0% used [0x00000000e8100000,0x00000000e8100000,0x00000000e8400000)
  to   space 12288K, 0% used [0x00000000e7500000,0x00000000e7500000,0x00000000e8100000)
 ParOldGen       total 107008K, used 15950K [0x00000000a0000000, 0x00000000a6880000, 0x00000000e0000000)
  object space 107008K, 14% used [0x00000000a0000000,0x00000000a0f939b8,0x00000000a6880000)
 Metaspace       used 42508K, capacity 43350K, committed 43648K, reserved 1087488K
  class space    used 5689K, capacity 5914K, committed 6016K, reserved 1048576K
Event: 7.296 GC heap after
Heap after GC invocations=9 (full 2):
 PSYoungGen      total 132096K, used 10998K [0x00000000e0000000, 0x00000000ebd80000, 0x0000000100000000)
  eden space 119808K, 0% used [0x00000000e0000000,0x00000000e0000000,0x00000000e7500000)
  from space 12288K, 89% used [0x00000000e7500000,0x00000000e7fbdb30,0x00000000e8100000)
  to   space 13312K, 0% used [0x00000000eb080000,0x00000000eb080000,0x00000000ebd80000)
 ParOldGen       total 107008K, used 15958K [0x00000000a0000000, 0x00000000a6880000, 0x00000000e0000000)
  object space 107008K, 14% used [0x00000000a0000000,0x00000000a0f959b8,0x00000000a6880000)
 Metaspace       used 42508K, capacity 43350K, committed 43648K, reserved 1087488K
  class space    used 5689K, capacity 5914K, committed 6016K, reserved 1048576K
}
Event: 9.503 GC heap before
{Heap before GC invocations=10 (full 2):
 PSYoungGen      total 132096K, used 130806K [0x00000000e0000000, 0x00000000ebd80000, 0x0000000100000000)
  eden space 119808K, 100% used [0x00000000e0000000,0x00000000e7500000,0x00000000e7500000)
  from space 12288K, 89% used [0x00000000e7500000,0x00000000e7fbdb30,0x00000000e8100000)
  to   space 13312K, 0% used [0x00000000eb080000,0x00000000eb080000,0x00000000ebd80000)
 ParOldGen       total 107008K, used 15958K [0x00000000a0000000, 0x00000000a6880000, 0x00000000e0000000)
  object space 107008K, 14% used [0x00000000a0000000,0x00000000a0f959b8,0x00000000a6880000)
 Metaspace       used 48078K, capacity 49484K, committed 49664K, reserved 1091584K
  class space    used 6495K, capacity 6801K, committed 6912K, reserved 1048576K
Event: 9.553 GC heap after
Heap after GC invocations=10 (full 2):
 PSYoungGen      total 177152K, used 13284K [0x00000000e0000000, 0x00000000ec700000, 0x0000000100000000)
  eden space 163840K, 0% used [0x00000000e0000000,0x00000000e0000000,0x00000000ea000000)
  from space 13312K, 99% used [0x00000000eb080000,0x00000000ebd79358,0x00000000ebd80000)
  to   space 16896K, 0% used [0x00000000ea000000,0x00000000ea000000,0x00000000eb080000)
 ParOldGen       total 107008K, used 21164K [0x00000000a0000000, 0x00000000a6880000, 0x00000000e0000000)
  object space 107008K, 19% used [0x00000000a0000000,0x00000000a14ab1d0,0x00000000a6880000)
 Metaspace       used 48078K, capacity 49484K, committed 49664K, reserved 1091584K
  class space    used 6495K, capacity 6801K, committed 6912K, reserved 1048576K
}
Event: 11.284 GC heap before
{Heap before GC invocations=11 (full 2):
 PSYoungGen      total 177152K, used 177124K [0x00000000e0000000, 0x00000000ec700000, 0x0000000100000000)
  eden space 163840K, 100% used [0x00000000e0000000,0x00000000ea000000,0x00000000ea000000)
  from space 13312K, 99% used [0x00000000eb080000,0x00000000ebd79358,0x00000000ebd80000)
  to   space 16896K, 0% used [0x00000000ea000000,0x00000000ea000000,0x00000000eb080000)
 ParOldGen       total 107008K, used 21164K [0x00000000a0000000, 0x00000000a6880000, 0x00000000e0000000)
  object space 107008K, 19% used [0x00000000a0000000,0x00000000a14ab1d0,0x00000000a6880000)
 Metaspace       used 50948K, capacity 52388K, committed 52480K, reserved 1095680K
  class space    used 6807K, capacity 7113K, committed 7168K, reserved 1048576K
Event: 11.315 GC heap after
Heap after GC invocations=11 (full 2):
 PSYoungGen      total 180736K, used 16884K [0x00000000e0000000, 0x00000000efa00000, 0x0000000100000000)
  eden space 163840K, 0% used [0x00000000e0000000,0x00000000e0000000,0x00000000ea000000)
  from space 16896K, 99% used [0x00000000ea000000,0x00000000eb07d388,0x00000000eb080000)
  to   space 25600K, 0% used [0x00000000ee100000,0x00000000ee100000,0x00000000efa00000)
 ParOldGen       total 107008K, used 36508K [0x00000000a0000000, 0x00000000a6880000, 0x00000000e0000000)
  object space 107008K, 34% used [0x00000000a0000000,0x00000000a23a71e8,0x00000000a6880000)
 Metaspace       used 50948K, capacity 52388K, committed 52480K, reserved 1095680K
  class space    used 6807K, capacity 7113K, committed 7168K, reserved 1048576K
}
Event: 13.465 GC heap before
{Heap before GC invocations=12 (full 2):
 PSYoungGen      total 180736K, used 180678K [0x00000000e0000000, 0x00000000efa00000, 0x0000000100000000)
  eden space 163840K, 99% used [0x00000000e0000000,0x00000000e9ff4568,0x00000000ea000000)
  from space 16896K, 99% used [0x00000000ea000000,0x00000000eb07d388,0x00000000eb080000)
  to   space 25600K, 0% used [0x00000000ee100000,0x00000000ee100000,0x00000000efa00000)
 ParOldGen       total 107008K, used 36508K [0x00000000a0000000, 0x00000000a6880000, 0x00000000e0000000)
  object space 107008K, 34% used [0x00000000a0000000,0x00000000a23a71e8,0x00000000a6880000)
 Metaspace       used 51665K, capacity 53158K, committed 53376K, reserved 1095680K
  class space    used 6866K, capacity 7212K, committed 7296K, reserved 1048576K
Event: 13.497 GC heap after
Heap after GC invocations=12 (full 2):
 PSYoungGen      total 224256K, used 25598K [0x00000000e0000000, 0x00000000f0580000, 0x0000000100000000)
  eden space 198656K, 0% used [0x00000000e0000000,0x00000000e0000000,0x00000000ec200000)
  from space 25600K, 99% used [0x00000000ee100000,0x00000000ef9ff908,0x00000000efa00000)
  to   space 31744K, 0% used [0x00000000ec200000,0x00000000ec200000,0x00000000ee100000)
 ParOldGen       total 107008K, used 42932K [0x00000000a0000000, 0x00000000a6880000, 0x00000000e0000000)
  object space 107008K, 40% used [0x00000000a0000000,0x00000000a29ed150,0x00000000a6880000)
 Metaspace       used 51665K, capacity 53158K, committed 53376K, reserved 1095680K
  class space    used 6866K, capacity 7212K, committed 7296K, reserved 1048576K
}
Event: 15.342 GC heap before
{Heap before GC invocations=13 (full 2):
 PSYoungGen      total 224256K, used 224254K [0x00000000e0000000, 0x00000000f0580000, 0x0000000100000000)
  eden space 198656K, 100% used [0x00000000e0000000,0x00000000ec200000,0x00000000ec200000)
  from space 25600K, 99% used [0x00000000ee100000,0x00000000ef9ff908,0x00000000efa00000)
  to   space 31744K, 0% used [0x00000000ec200000,0x00000000ec200000,0x00000000ee100000)
 ParOldGen       total 107008K, used 42932K [0x00000000a0000000, 0x00000000a6880000, 0x00000000e0000000)
  object space 107008K, 40% used [0x00000000a0000000,0x00000000a29ed150,0x00000000a6880000)
 Metaspace       used 53381K, capacity 54920K, committed 55040K, reserved 1097728K
  class space    used 7038K, capacity 7361K, committed 7424K, reserved 1048576K
Event: 15.381 GC heap after
Heap after GC invocations=13 (full 2):
 PSYoungGen      total 230400K, used 24162K [0x00000000e0000000, 0x00000000f3400000, 0x0000000100000000)
  eden space 198656K, 0% used [0x00000000e0000000,0x00000000e0000000,0x00000000ec200000)
  from space 31744K, 76% used [0x00000000ec200000,0x00000000ed998b78,0x00000000ee100000)
  to   space 33280K, 0% used [0x00000000f1380000,0x00000000f1380000,0x00000000f3400000)
 ParOldGen       total 107008K, used 54500K [0x00000000a0000000, 0x00000000a6880000, 0x00000000e0000000)
  object space 107008K, 50% used [0x00000000a0000000,0x00000000a3539058,0x00000000a6880000)
 Metaspace       used 53381K, capacity 54920K, committed 55040K, reserved 1097728K
  class space    used 7038K, capacity 7361K, committed 7424K, reserved 1048576K
}

Deoptimization events (10 events):
Event: 16.809 Thread 0x00007f963400a800 Uncommon trap: reason=speculate_class_check action=maybe_recompile pc=0x00007f96767727cc method=com.android.utils.PositionXmlParser.getPositionHelper(Lorg/w3c/dom/Node;II)Lcom/android/utils/PositionXmlParser$Position; @ 110
Event: 16.809 Thread 0x00007f963400a800 Uncommon trap: reason=speculate_class_check action=maybe_recompile pc=0x00007f96767727cc method=com.android.utils.PositionXmlParser.getPositionHelper(Lorg/w3c/dom/Node;II)Lcom/android/utils/PositionXmlParser$Position; @ 110
Event: 16.813 Thread 0x00007f963400a800 Uncommon trap: reason=speculate_class_check action=maybe_recompile pc=0x00007f96767727cc method=com.android.utils.PositionXmlParser.getPositionHelper(Lorg/w3c/dom/Node;II)Lcom/android/utils/PositionXmlParser$Position; @ 110
Event: 16.922 Thread 0x00007f963400a800 Uncommon trap: reason=null_check action=make_not_entrant pc=0x00007f967673e3cc method=com.sun.org.apache.xerces.internal.dom.NamedNodeMapImpl.findNamePoint(Ljava/lang/String;Ljava/lang/String;)I @ 76
Event: 16.957 Thread 0x00007f96255ec800 Uncommon trap: reason=class_check action=maybe_recompile pc=0x00007f96762595b8 method=java.lang.ThreadLocal.setInitialValue()Ljava/lang/Object; @ 31
Event: 17.034 Thread 0x00007f963400a800 Uncommon trap: reason=unstable_if action=reinterpret pc=0x00007f96762d0e68 method=org.gradle.api.internal.file.pattern.PatternMatcherFactory$PathMatcherBackedSpec.isSatisfiedBy(Lorg/gradle/api/file/RelativePath;)Z @ 11
Event: 17.034 Thread 0x00007f963400a800 Uncommon trap: reason=unstable_if action=reinterpret pc=0x00007f96762d3854 method=org.gradle.api.internal.file.pattern.PatternMatcherFactory$PathMatcherBackedSpec.isSatisfiedBy(Lorg/gradle/api/file/RelativePath;)Z @ 11
Event: 17.034 Thread 0x00007f963400a800 Uncommon trap: reason=unstable_if action=reinterpret pc=0x00007f96762c4650 method=org.gradle.api.internal.file.pattern.FixedStepsPathMatcher.matches([Ljava/lang/String;I)Z @ 70
Event: 17.045 Thread 0x00007f963400a800 Uncommon trap: reason=unstable_if action=reinterpret pc=0x00007f96762b8d1c method=org.gradle.api.internal.file.pattern.FixedStepsPathMatcher.matches([Ljava/lang/String;I)Z @ 70
Event: 17.220 Thread 0x00007f963400a800 Uncommon trap: reason=unstable_if action=reinterpret pc=0x00007f967594cc68 method=java.lang.ClassLoader.checkCerts(Ljava/lang/String;Ljava/security/CodeSource;)V @ 45

Internal exceptions (10 events):
Event: 9.190 Thread 0x00007f963400a800 Exception <a 'java/lang/NoSuchMethodError': <clinit>> (0x00000000e704aaf8) thrown at [/ssd/Android/AOSP-openjdk/external/jetbrains/jdk/hotspot/src/share/vm/prims/jni.cpp, line 1613]
Event: 10.442 Thread 0x00007f963400a800 Implicit null exception at 0x00007f967561188d to 0x00007f96756124e5
Event: 11.869 Thread 0x00007f963400a800 Implicit null exception at 0x00007f967583b157 to 0x00007f967583c1e5
Event: 13.447 Thread 0x00007f963400a800 Implicit null exception at 0x00007f967610c235 to 0x00007f967610a075
Event: 13.447 Thread 0x00007f963400a800 Implicit null exception at 0x00007f967610c235 to 0x00007f967610a075
Event: 13.464 Thread 0x00007f963400a800 Implicit null exception at 0x00007f967610c235 to 0x00007f967610a075
Event: 14.073 Thread 0x00007f963400a800 Implicit null exception at 0x00007f96766e906b to 0x00007f96766e9be1
Event: 14.221 Thread 0x00007f963400a800 Exception <a 'java/lang/NoSuchMethodError': java.lang.Object.lambda$negate$1(Ljava/lang/Object;)Z> (0x00000000e4fe7ca0) thrown at [/ssd/Android/AOSP-openjdk/external/jetbrains/jdk/hotspot/src/share/vm/interpreter/linkResolver.cpp, line 582]
Event: 14.860 Thread 0x00007f963400a800 Implicit null exception at 0x00007f967577463d to 0x00007f96757747dd
Event: 16.922 Thread 0x00007f963400a800 Implicit null exception at 0x00007f967673d66d to 0x00007f967673e3ad

Events (10 events):
Event: 17.442 loading class com/sun/tools/javac/file/Locations$1
Event: 17.442 loading class com/sun/tools/javac/file/Locations$1 done
Event: 17.442 loading class com/sun/tools/javac/file/Locations$Path
Event: 17.442 loading class com/sun/tools/javac/file/Locations$Path done
Event: 17.442 Executing VM operation: Deoptimize
Event: 17.443 Executing VM operation: Deoptimize done
Event: 17.443 loading class com/sun/tools/javac/util/ListBuffer$1
Event: 17.444 loading class com/sun/tools/javac/util/ListBuffer$1 done
Event: 17.444 loading class com/sun/tools/javac/util/StringUtils
Event: 17.444 loading class com/sun/tools/javac/util/StringUtils done


Dynamic libraries:
00400000-00401000 r-xp 00000000 08:03 4991109                            /usr/local/android-studio/jre/bin/java
00600000-00601000 r--p 00000000 08:03 4991109                            /usr/local/android-studio/jre/bin/java
00601000-00602000 rw-p 00001000 08:03 4991109                            /usr/local/android-studio/jre/bin/java
022e3000-02304000 rw-p 00000000 00:00 0                                  [heap]
a0000000-a6880000 rw-p 00000000 00:00 0 
a6880000-e0000000 ---p 00000000 00:00 0 
e0000000-f3400000 rw-p 00000000 00:00 0 
f3400000-100000000 ---p 00000000 00:00 0 
100000000-1007c0000 rw-p 00000000 00:00 0 
1007c0000-140000000 ---p 00000000 00:00 0 
7f95f0000000-7f95f0021000 rw-p 00000000 00:00 0 
7f95f0021000-7f95f4000000 ---p 00000000 00:00 0 
7f95f4000000-7f95f4023000 rw-p 00000000 00:00 0 
7f95f4023000-7f95f8000000 ---p 00000000 00:00 0 
7f95f8000000-7f95f8021000 rw-p 00000000 00:00 0 
7f95f8021000-7f95fc000000 ---p 00000000 00:00 0 
7f95fc000000-7f95fc021000 rw-p 00000000 00:00 0 
7f95fc021000-7f9600000000 ---p 00000000 00:00 0 
7f9600000000-7f9600069000 rw-p 00000000 00:00 0 
7f9600069000-7f9604000000 ---p 00000000 00:00 0 
7f9604000000-7f9604021000 rw-p 00000000 00:00 0 
7f9604021000-7f9608000000 ---p 00000000 00:00 0 
7f9608000000-7f9608021000 rw-p 00000000 00:00 0 
7f9608021000-7f960c000000 ---p 00000000 00:00 0 
7f960c000000-7f960c021000 rw-p 00000000 00:00 0 
7f960c021000-7f9610000000 ---p 00000000 00:00 0 
7f9610000000-7f9610021000 rw-p 00000000 00:00 0 
7f9610021000-7f9614000000 ---p 00000000 00:00 0 
7f96142b9000-7f9614479000 rw-p 00000000 00:00 0 
7f9614479000-7f96144b9000 ---p 00000000 00:00 0 
7f96144b9000-7f96146b9000 rw-p 00000000 00:00 0 
7f96146b9000-7f96146bc000 ---p 00000000 00:00 0 
7f96146bc000-7f96147ba000 rw-p 00000000 00:00 0 
7f96147ba000-7f96147bd000 ---p 00000000 00:00 0 
7f96147bd000-7f96148bb000 rw-p 00000000 00:00 0 
7f96148bb000-7f96148be000 ---p 00000000 00:00 0 
7f96148be000-7f96149bc000 rw-p 00000000 00:00 0 
7f96149bc000-7f96149bf000 ---p 00000000 00:00 0 
7f96149bf000-7f96149f5000 rw-p 00000000 00:00 0 
7f96149f5000-7f96149f8000 ---p 00000000 00:00 0 
7f96149f8000-7f9614af6000 rw-p 00000000 00:00 0 
7f9614af6000-7f9614af9000 ---p 00000000 00:00 0 
7f9614af9000-7f9614bf7000 rw-p 00000000 00:00 0 
7f9614bf7000-7f9614bfa000 ---p 00000000 00:00 0 
7f9614bfa000-7f9614cf8000 rw-p 00000000 00:00 0 
7f9614cf8000-7f9614cfb000 ---p 00000000 00:00 0 
7f9614cfb000-7f9614df9000 rw-p 00000000 00:00 0 
7f9614df9000-7f9614dfc000 ---p 00000000 00:00 0 
7f9614dfc000-7f9614efa000 rw-p 00000000 00:00 0 
7f9614efa000-7f9614efd000 ---p 00000000 00:00 0 
7f9614efd000-7f9614ffb000 rw-p 00000000 00:00 0 
7f9614ffb000-7f9614ffe000 ---p 00000000 00:00 0 
7f9614ffe000-7f96150fc000 rw-p 00000000 00:00 0 
7f96150fc000-7f96150ff000 ---p 00000000 00:00 0 
7f96150ff000-7f96151fd000 rw-p 00000000 00:00 0 
7f96151fd000-7f9615200000 ---p 00000000 00:00 0 
7f9615200000-7f9615236000 rw-p 00000000 00:00 0 
7f9615236000-7f9615239000 ---p 00000000 00:00 0 
7f9615239000-7f961526f000 rw-p 00000000 00:00 0 
7f961526f000-7f9615272000 ---p 00000000 00:00 0 
7f9615272000-7f96152a8000 rw-p 00000000 00:00 0 
7f96152a8000-7f96152ab000 ---p 00000000 00:00 0 
7f96152ab000-7f96153a9000 rw-p 00000000 00:00 0 
7f96153a9000-7f96153ac000 ---p 00000000 00:00 0 
7f96153ac000-7f96154aa000 rw-p 00000000 00:00 0 
7f96154aa000-7f96154ad000 ---p 00000000 00:00 0 
7f96154ad000-7f96155ab000 rw-p 00000000 00:00 0 
7f96155ab000-7f96155ae000 ---p 00000000 00:00 0 
7f96155ae000-7f96156ac000 rw-p 00000000 00:00 0 
7f96156ac000-7f96156af000 ---p 00000000 00:00 0 
7f96156af000-7f96157ad000 rw-p 00000000 00:00 0 
7f96157ad000-7f96157b0000 ---p 00000000 00:00 0 
7f96157b0000-7f96158ae000 rw-p 00000000 00:00 0 
7f96158ae000-7f96158b1000 ---p 00000000 00:00 0 
7f96158b1000-7f96159af000 rw-p 00000000 00:00 0 
7f96159af000-7f96159b2000 ---p 00000000 00:00 0 
7f96159b2000-7f9615ab0000 rw-p 00000000 00:00 0 
7f9615ab0000-7f9615ab3000 ---p 00000000 00:00 0 
7f9615ab3000-7f9615db1000 rw-p 00000000 00:00 0 
7f9615db1000-7f9615fb1000 rw-p 00000000 00:00 0 
7f9615fb1000-7f9615fb4000 ---p 00000000 00:00 0 
7f9615fb4000-7f96162b2000 rw-p 00000000 00:00 0 
7f96162b2000-7f96164b2000 rw-p 00000000 00:00 0 
7f96164b2000-7f96166b2000 rw-p 00000000 00:00 0 
7f96166b2000-7f96168b2000 rw-p 00000000 00:00 0 
7f96168b2000-7f96168c5000 r--s 00344000 08:03 4991132                    /usr/local/android-studio/jre/jre/lib/resources.jar
7f96168c5000-7f9616ac5000 rw-p 00000000 00:00 0 
7f9616ac5000-7f9616cc5000 rw-p 00000000 00:00 0 
7f9616cc5000-7f9616ec5000 rw-p 00000000 00:00 0 
7f9616ec5000-7f9616ec8000 ---p 00000000 00:00 0 
7f9616ec8000-7f96171c6000 rw-p 00000000 00:00 0 
7f96171c6000-7f96171c7000 r--s 00001000 08:03 2107027                    /home/vittal/.gradle/caches/jars-2/7c4c8dw4bn3s8grc5kz09cv28jy9yn3/annotations-25.3.0.jar
7f96171c7000-7f96171cf000 r--s 000a8000 08:03 2107025                    /home/vittal/.gradle/caches/jars-2/lp0h431tl0554nh1vx6zomcvteflkp/lombok-ast-0.2.3.jar
7f96171cf000-7f96171e3000 r--s 000b4000 08:03 2107023                    /home/vittal/.gradle/caches/jars-2/igzbti8te04ygk32hg4q3ljfkkkzmlr/uast-162.2228.14.jar
7f96171e3000-7f96171e5000 r--s 0000d000 08:03 2107021                    /home/vittal/.gradle/caches/jars-2/7pwz1bowgakb1eux9ezb56jlturgsyi/commons-codec-1.4.jar
7f96171e5000-7f96171e7000 r--s 0000d000 08:03 2107019                    /home/vittal/.gradle/caches/jars-2/9dj1m0eyooi5qt13735vz8fpkl3cnfy/commons-logging-1.1.1.jar
7f96171e7000-7f96171ec000 r--s 00028000 08:03 2107017                    /home/vittal/.gradle/caches/jars-2/62lv0fe9b3xbqe57f6ljy5upwi7mf6k/httpcore-4.1.jar
7f96171ec000-7f96171f0000 r--s 0002f000 08:03 2107015                    /home/vittal/.gradle/caches/jars-2/gsg5n52frsvw6sx0swqqe2hwijwdcf0/jimfs-1.1.jar
7f96171f0000-7f96171f1000 r--s 00004000 08:03 2107013                    /home/vittal/.gradle/caches/jars-2/lxs252id0979odjrerlctkb26c2vj95/annotations-12.0.jar
7f96171f1000-7f96171f2000 r--s 00004000 08:03 2107011                    /home/vittal/.gradle/caches/jars-2/9kn99dr0rulyl67sct1ephwcop56l61/asm-analysis-5.0.4.jar
7f96171f2000-7f96171f6000 r--s 00040000 08:03 2107009                    /home/vittal/.gradle/caches/jars-2/h4gop7cox40tig0ckkhw1h8hl6tfcwm/lint-api-25.3.0.jar
7f96171f6000-7f96171f7000 r--s 0000a000 08:03 2107007                    /home/vittal/.gradle/caches/jars-2/nwyg9io65lv6jvmwit2wq82xnnxd7ia/kxml2-2.3.0.jar
7f96171f7000-7f96171f9000 r--s 00005000 08:03 2107005                    /home/vittal/.gradle/caches/jars-2/i6hc1uuj8e9ck59slmzdyz78ydn8sr6/httpmime-4.1.jar
7f96171f9000-7f9617201000 r--s 0004e000 08:03 2107003                    /home/vittal/.gradle/caches/jars-2/7503wa5irssz0xxahv1xb82p2dl7rr2/httpclient-4.1.1.jar
7f9617201000-7f9617208000 r--s 00053000 08:03 2107001                    /home/vittal/.gradle/caches/jars-2/jgkfvs4eqggj7qsyw1f5d3up57hanj1/commons-compress-1.8.1.jar
7f9617208000-7f961720d000 r--s 0002a000 08:03 2106999                    /home/vittal/.gradle/caches/jars-2/je8f027qcr1z1egw08byp1ybxbp9kko/gson-2.2.4.jar
7f961720d000-7f9617212000 r--s 0002e000 08:03 2106997                    /home/vittal/.gradle/caches/jars-2/r6oa1284jnf1g0hjm5fw7l8swldb7ek/repository-25.3.0.jar
7f9617212000-7f9617213000 r--s 00005000 08:03 2106995                    /home/vittal/.gradle/caches/jars-2/8zf2fyptbgnbanz613fx2c3hoto0539/dvlib-25.3.0.jar
7f9617213000-7f9617216000 r--s 00012000 08:03 2106993                    /home/vittal/.gradle/caches/jars-2/9uh4197qdwnvuono2myyig8xxy6aqcq/layoutlib-api-25.3.0.jar
7f9617216000-7f961721b000 r--s 00058000 08:03 2106991                    /home/vittal/.gradle/caches/jars-2/st159835qgxm0l87oqrnhayxos4lc1n/asm-debug-all-5.0.1.jar
7f961721b000-7f961722b000 r--s 000d5000 08:03 2106989                    /home/vittal/.gradle/caches/jars-2/qzf32gp9kej4w4hlbabft6tplu74cj3/proguard-base-5.3.2.jar
7f961722b000-7f961722e000 r--s 00033000 08:03 2106987                    /home/vittal/.gradle/caches/jars-2/nz9sndmr8b4xbj4xulkaciy5kdbyfiz/juniversalchardet-1.0.3.jar
7f961722e000-7f9617232000 r--s 0002a000 08:03 2106985                    /home/vittal/.gradle/caches/jars-2/krbpn9xjn1qymukyx8cc5l799ty1v3h/commons-io-2.4.jar
7f9617232000-7f9617249000 r--s 00154000 08:03 2106983                    /home/vittal/.gradle/caches/jars-2/sfeivjswzitn6n0fnjx3ueszz8gv8o1/antlr4-4.5.3.jar
7f9617249000-7f961724b000 r--s 00002000 08:03 2106981                    /home/vittal/.gradle/caches/jars-2/o6nwvy6at9y5kbpwo6utcclqk98gd99/baseLibrary-2.3.0.jar
7f961724b000-7f9617276000 r--s 001fc000 08:03 2106979                    /home/vittal/.gradle/caches/jars-2/nxjrjftly2xksl8o0wqgivu5netfu2x/guava-18.0.jar
7f9617276000-7f9617289000 r--s 00241000 08:03 2106977                    /home/vittal/.gradle/caches/jars-2/9yuekvg4qerfitq3xec0iyckuw3hwaq/ecj-4.6.1.jar
7f9617289000-7f9617290000 r--s 000d9000 08:03 2106975                    /home/vittal/.gradle/caches/jars-2/aprntsq9xd6l685y4wf1lo3ojhypibs/lint-checks-25.3.0.jar
7f9617290000-7f9617292000 r--s 00006000 08:03 1843712                    /home/vittal/.gradle/caches/jars-2/6phgj9ki3jl3p5epzkqoo8pr6kur40b/asm-tree-5.0.4.jar
7f9617292000-7f96172c5000 r--s 00203000 08:03 1843710                    /home/vittal/.gradle/caches/jars-2/hj0bfvxu9cq7hkwmecvp0kg137or3hh/bcprov-jdk15on-1.48.jar
7f96172c5000-7f96172d3000 r--s 00081000 08:03 1843708                    /home/vittal/.gradle/caches/jars-2/4r7xli0tz94y0wfjrdyjxlxar3g1pb9/bcpkix-jdk15on-1.48.jar
7f96172d3000-7f96172d5000 r--s 00002000 08:03 1843706                    /home/vittal/.gradle/caches/jars-2/f32bh5uivuf69ecz2j8hl96ksnqdh7v/javawriter-2.5.0.jar
7f96172d5000-7f96172d7000 r--s 00004000 08:03 1843704                    /home/vittal/.gradle/caches/jars-2/ks5d1mxwh7e42p192ttu3gpechro7qa/tracker-25.3.0.jar
7f96172d7000-7f96172d8000 r--s 00005000 08:03 1843702                    /home/vittal/.gradle/caches/jars-2/fl4kf4ptr1zzfqcvmz0t9nip0r2xra6/shared-25.3.0.jar
7f96172d8000-7f96172e6000 r--s 00147000 08:03 1843700                    /home/vittal/.gradle/caches/jars-2/kzywuljggjlwzg0mn5daqjrl9hrds10/protos-25.3.0.jar
7f96172e6000-7f96172e7000 r--s 00001000 08:03 1843698                    /home/vittal/.gradle/caches/jars-2/9wceqt3rojnwacgoouxh9g9dkoot2zu/jill-api-0.10.0.jar
7f96172e7000-7f96172ed000 r--s 0004a000 08:03 1843694                    /home/vittal/.gradle/caches/jars-2/qdr9c88xakd7sne0hmledt9h4qds2q2/ddmlib-25.3.0.jar
7f96172ed000-7f96172f0000 r--s 00022000 08:03 1843692                    /home/vittal/.gradle/caches/jars-2/fsss09xku4j8m0mtb0gif22hmmgqs7i/manifest-merger-25.3.0.jar
7f96172f0000-7f96172f3000 r--s 0001c000 08:03 1843690                    /home/vittal/.gradle/caches/jars-2/s9s98vc2jrc4cq452s7phwb2ad5xfkn/common-25.3.0.jar
7f96172f3000-7f96174f3000 rw-p 00000000 00:00 0 
7f96174f3000-7f96176f3000 rw-p 00000000 00:00 0 
7f96176f3000-7f96176f6000 ---p 00000000 00:00 0 
7f96176f6000-7f96179f4000 rw-p 00000000 00:00 0 
7f96179f4000-7f9617bf4000 rw-p 00000000 00:00 0 
7f9617bf4000-7f9617df4000 rw-p 00000000 00:00 0 
7f9617df4000-7f9617df6000 r--s 00003000 08:03 1843696                    /home/vittal/.gradle/caches/jars-2/hgjtw817h9ckqrqd7wts8rss79wyf2p/jack-api-0.13.0.jar
7f9617df6000-7f9617e00000 r--s 00097000 08:03 1843686                    /home/vittal/.gradle/caches/jars-2/2t3glk7v5svadzqcbhq0avch2qk6a9k/sdklib-25.3.0.jar
7f9617e00000-7f9618000000 rw-p 00000000 00:00 0 
7f9618000000-7f9618021000 rw-p 00000000 00:00 0 
7f9618021000-7f961c000000 ---p 00000000 00:00 0 
7f961c000000-7f961c021000 rw-p 00000000 00:00 0 
7f961c021000-7f9620000000 ---p 00000000 00:00 0 
7f9620000000-7f9620021000 rw-p 00000000 00:00 0 
7f9620021000-7f9624000000 ---p 00000000 00:00 0 
7f9624000000-7f9625778000 rw-p 00000000 00:00 0 
7f9625778000-7f9628000000 ---p 00000000 00:00 0 
7f9628000000-7f9628040000 rw-p 00000000 00:00 0 
7f9628040000-7f962c000000 ---p 00000000 00:00 0 
7f962c000000-7f962c021000 rw-p 00000000 00:00 0 
7f962c021000-7f9630000000 ---p 00000000 00:00 0 
7f9630000000-7f9630071000 rw-p 00000000 00:00 0 
7f9630071000-7f9634000000 ---p 00000000 00:00 0 
7f9634000000-7f9634021000 rw-p 00000000 00:00 0 
7f9634021000-7f9638000000 ---p 00000000 00:00 0 
7f9638000000-7f9638021000 rw-p 00000000 00:00 0 
7f9638021000-7f963c000000 ---p 00000000 00:00 0 
7f963c000000-7f963c021000 rw-p 00000000 00:00 0 
7f963c021000-7f9640000000 ---p 00000000 00:00 0 
7f9640000000-7f9641d28000 rw-p 00000000 00:00 0 
7f9641d28000-7f9644000000 ---p 00000000 00:00 0 
7f9644000000-7f9644ed2000 rw-p 00000000 00:00 0 
7f9644ed2000-7f9648000000 ---p 00000000 00:00 0 
7f9648000000-7f9648021000 rw-p 00000000 00:00 0 
7f9648021000-7f964c000000 ---p 00000000 00:00 0 
7f964c000000-7f964e1c8000 rw-p 00000000 00:00 0 
7f964e1c8000-7f9650000000 ---p 00000000 00:00 0 
7f9650000000-7f9650021000 rw-p 00000000 00:00 0 
7f9650021000-7f9654000000 ---p 00000000 00:00 0 
7f9654000000-7f9654021000 rw-p 00000000 00:00 0 
7f9654021000-7f9658000000 ---p 00000000 00:00 0 
7f9658000000-7f9658021000 rw-p 00000000 00:00 0 
7f9658021000-7f965c000000 ---p 00000000 00:00 0 
7f965c000000-7f965c009000 r--s 00089000 08:03 1843688                    /home/vittal/.gradle/caches/jars-2/965j22khmkpwdgya5fll5pxt21kiz0y/sdk-common-25.3.0.jar
7f965c009000-7f965c00a000 r--s 00002000 08:03 1843684                    /home/vittal/.gradle/caches/jars-2/q53lj97mtvuhn56k5k0vmpi70ln1194/builder-test-api-2.3.0.jar
7f965c00a000-7f965c00d000 r--s 00006000 08:03 1843682                    /home/vittal/.gradle/caches/jars-2/217rxmwsloonj42ilq94g16c8qou0uv/builder-model-2.3.0.jar
7f965c00d000-7f965c01c000 r--s 00130000 08:03 1843680                    /home/vittal/.gradle/caches/jars-2/cr6zkqpx14lor9zdtmo49qpc7y8r8p4/protobuf-java-3.0.0.jar
7f965c01c000-7f965c01e000 r--s 0000f000 08:03 1843678                    /home/vittal/.gradle/caches/jars-2/rvfyugrlu5tbpz51p98og0qsxamjq4k/jopt-simple-4.9.jar
7f965c01e000-7f965c022000 r--s 0001f000 08:03 1843676                    /home/vittal/.gradle/caches/jars-2/nq3fzqkrrm37ob61z4iu5qdbh368uat/org.jacoco.report-0.7.5.201505241946.jar
7f965c022000-7f965c026000 r--s 0001d000 08:03 1843674                    /home/vittal/.gradle/caches/jars-2/3kxkmcckmk40ron92zhbm0qjo9l4bkl/org.jacoco.core-0.7.5.201505241946.jar
7f965c026000-7f965c028000 r--s 00002000 08:03 1843672                    /home/vittal/.gradle/caches/jars-2/m4m0pzb4gmaeh0in5g2xc4bxeuwt828/proguard-gradle-5.3.2.jar
7f965c028000-7f965c02a000 r--s 00009000 08:03 1843670                    /home/vittal/.gradle/caches/jars-2/ajvcvdu66lc9e3tvvipxtuq48i9bbkc/asm-commons-5.0.4.jar
7f965c02a000-7f965c02c000 r--s 0000c000 08:03 1843668                    /home/vittal/.gradle/caches/jars-2/1laz1ygmxoc408r7nwqs1q8uk8r236d/asm-5.0.4.jar
7f965c02c000-7f965c031000 r--s 0002c000 08:03 1843666                    /home/vittal/.gradle/caches/jars-2/3eyaheco65g859qpfsowjbpqi0jh6mf/compilerCommon-2.3.0.jar
7f965c031000-7f965c032000 r--s 00002000 08:03 1843664                    /home/vittal/.gradle/caches/jars-2/31jr90v5p5fkd2jflx4pvapkdf35ezu/gradle-api-2.3.0.jar
7f965c032000-7f965c033000 r--s 00000000 08:03 1843662                    /home/vittal/.gradle/caches/jars-2/9alwd0ip1x6at9csjhyhihqra39rks9/transform-api-2.0.0-deprecated-use-gradle-api.jar
7f965c033000-7f965c038000 r--s 0005e000 08:03 1843660                    /home/vittal/.gradle/caches/jars-2/ni16dxztl73a86d25hs3on5ncngkbuy/lint-25.3.0.jar
7f965c038000-7f965c04e000 r--s 00163000 08:03 1843658                    /home/vittal/.gradle/caches/jars-2/sqf8kc3htrab4fj479mwr3jrji381b7/builder-2.3.0.jar
7f965c04e000-7f965c06c000 r--s 001cb000 08:03 1843656                    /home/vittal/.gradle/caches/jars-2/8qy5a7i3gbr2s4snxdquaath1tjusie/gradle-core-2.3.0.jar
7f965c06c000-7f965c06e000 r--s 0000d000 08:03 1843654                    /home/vittal/.gradle/caches/jars-2/60bmiis45kdytxtzt10fi483750k8at/gradle-2.3.0.jar
7f965c06e000-7f965c071000 ---p 00000000 00:00 0 
7f965c071000-7f965c0a7000 rw-p 00000000 00:00 0 
7f965c0a7000-7f965c0a8000 r--p 00000000 00:00 0 
7f965c0a8000-7f965c121000 r--s 010ed000 08:03 4991074                    /usr/local/android-studio/jre/lib/tools.jar
7f965c121000-7f965c321000 rw-p 00000000 00:00 0 
7f965c321000-7f965c324000 ---p 00000000 00:00 0 
7f965c324000-7f965c422000 rw-p 00000000 00:00 0 
7f965c422000-7f965c425000 ---p 00000000 00:00 0 
7f965c425000-7f965c523000 rw-p 00000000 00:00 0 
7f965c523000-7f965c526000 ---p 00000000 00:00 0 
7f965c526000-7f965c624000 rw-p 00000000 00:00 0 
7f965c624000-7f965c627000 ---p 00000000 00:00 0 
7f965c627000-7f965c725000 rw-p 00000000 00:00 0 
7f965c725000-7f965c728000 ---p 00000000 00:00 0 
7f965c728000-7f965ca26000 rw-p 00000000 00:00 0 
7f965ca26000-7f965ca29000 ---p 00000000 00:00 0 
7f965ca29000-7f965cb27000 rw-p 00000000 00:00 0 
7f965cb27000-7f965cb2a000 ---p 00000000 00:00 0 
7f965cb2a000-7f965ce28000 rw-p 00000000 00:00 0 
7f965ce28000-7f965ce2f000 r--s 00000000 08:03 5250618                    /usr/lib/x86_64-linux-gnu/gconv/gconv-modules.cache
7f965ce2f000-7f965ce32000 ---p 00000000 00:00 0 
7f965ce32000-7f965cf30000 rw-p 00000000 00:00 0 
7f965cf30000-7f965cf39000 r-xp 00000000 08:03 4991210                    /usr/local/android-studio/jre/jre/lib/amd64/libmanagement.so
7f965cf39000-7f965d138000 ---p 00009000 08:03 4991210                    /usr/local/android-studio/jre/jre/lib/amd64/libmanagement.so
7f965d138000-7f965d139000 r--p 00008000 08:03 4991210                    /usr/local/android-studio/jre/jre/lib/amd64/libmanagement.so
7f965d139000-7f965d13a000 rw-p 00009000 08:03 4991210                    /usr/local/android-studio/jre/jre/lib/amd64/libmanagement.so
7f965d13a000-7f965d13f000 r--s 00098000 08:03 4991184                    /usr/local/android-studio/jre/jre/lib/jsse.jar
7f965d13f000-7f965d141000 r--s 00007000 08:03 3156303                    /home/vittal/.gradle/wrapper/dists/gradle-3.3-all/55gk2rcmfc6p2dg9u9ohc3hw9/gradle-3.3/lib/plugins/gradle-tooling-api-builders-3.3.jar
7f965d141000-7f965d144000 r--s 00009000 08:03 3156296                    /home/vittal/.gradle/wrapper/dists/gradle-3.3-all/55gk2rcmfc6p2dg9u9ohc3hw9/gradle-3.3/lib/plugins/gradle-testing-native-3.3.jar
7f965d144000-7f965d14a000 r--s 00033000 08:03 3156371                    /home/vittal/.gradle/wrapper/dists/gradle-3.3-all/55gk2rcmfc6p2dg9u9ohc3hw9/gradle-3.3/lib/plugins/snakeyaml-1.6.jar
7f965d14a000-7f965d14c000 r--s 00006000 08:03 3156370                    /home/vittal/.gradle/wrapper/dists/gradle-3.3-all/55gk2rcmfc6p2dg9u9ohc3hw9/gradle-3.3/lib/plugins/jcommander-1.12.jar
7f965d14c000-7f965d151000 r--s 00040000 08:03 3156369                    /home/vittal/.gradle/wrapper/dists/gradle-3.3-all/55gk2rcmfc6p2dg9u9ohc3hw9/gradle-3.3/lib/plugins/bsh-2.0b4.jar
7f965d151000-7f965d153000 r--s 00009000 08:03 3156377                    /home/vittal/.gradle/wrapper/dists/gradle-3.3-all/55gk2rcmfc6p2dg9u9ohc3hw9/gradle-3.3/lib/plugins/hamcrest-core-1.3.jar
7f965d153000-7f965d15c000 r--s 00089000 08:03 3156328                    /home/vittal/.gradle/wrapper/dists/gradle-3.3-all/55gk2rcmfc6p2dg9u9ohc3hw9/gradle-3.3/lib/plugins/testng-6.3.1.jar
7f965d15c000-7f965d164000 r--s 00045000 08:03 3156327                    /home/vittal/.gradle/wrapper/dists/gradle-3.3-all/55gk2rcmfc6p2dg9u9ohc3hw9/gradle-3.3/lib/plugins/junit-4.12.jar
7f965d164000-7f965d16a000 r--s 0002e000 08:03 3156297                    /home/vittal/.gradle/wrapper/dists/gradle-3.3-all/55gk2rcmfc6p2dg9u9ohc3hw9/gradle-3.3/lib/plugins/gradle-testing-jvm-3.3.jar
7f965d16a000-7f965d16e000 r--s 00016000 08:03 3156295                    /home/vittal/.gradle/wrapper/dists/gradle-3.3-all/55gk2rcmfc6p2dg9u9ohc3hw9/gradle-3.3/lib/plugins/gradle-testing-base-3.3.jar
7f965d16e000-7f965d175000 r--s 00038000 08:03 3156322                    /home/vittal/.gradle/wrapper/dists/gradle-3.3-all/55gk2rcmfc6p2dg9u9ohc3hw9/gradle-3.3/lib/plugins/bcpg-jdk15on-1.51.jar
7f965d175000-7f965d177000 r--s 0000c000 08:03 3156274                    /home/vittal/.gradle/wrapper/dists/gradle-3.3-all/55gk2rcmfc6p2dg9u9ohc3hw9/gradle-3.3/lib/plugins/gradle-signing-3.3.jar
7f965d177000-7f965d179000 r--s 00007000 08:03 3156273                    /home/vittal/.gradle/wrapper/dists/gradle-3.3-all/55gk2rcmfc6p2dg9u9ohc3hw9/gradle-3.3/lib/plugins/gradle-scala-3.3.jar
7f965d179000-7f965d17a000 r--s 00004000 08:03 3156301                    /home/vittal/.gradle/wrapper/dists/gradle-3.3-all/55gk2rcmfc6p2dg9u9ohc3hw9/gradle-3.3/lib/plugins/gradle-resources-sftp-3.3.jar
7f965d17a000-7f965d18a000 r--s 00088000 08:03 3156338                    /home/vittal/.gradle/wrapper/dists/gradle-3.3-all/55gk2rcmfc6p2dg9u9ohc3hw9/gradle-3.3/lib/plugins/joda-time-2.8.2.jar
7f965d18a000-7f965d19b000 r--s 0010d000 08:03 3156337                    /home/vittal/.gradle/wrapper/dists/gradle-3.3-all/55gk2rcmfc6p2dg9u9ohc3hw9/gradle-3.3/lib/plugins/jackson-databind-2.6.6.jar
7f965d19b000-7f965d19e000 r--s 00009000 08:03 3156336                    /home/vittal/.gradle/wrapper/dists/gradle-3.3-all/55gk2rcmfc6p2dg9u9ohc3hw9/gradle-3.3/lib/plugins/jackson-annotations-2.6.6.jar
7f965d19e000-7f965d1a2000 r--s 0003c000 08:03 3156335                    /home/vittal/.gradle/wrapper/dists/gradle-3.3-all/55gk2rcmfc6p2dg9u9ohc3hw9/gradle-3.3/lib/plugins/jackson-core-2.6.6.jar
7f965d1a2000-7f965d1b0000 r--s 00087000 08:03 3156334                    /home/vittal/.gradle/wrapper/dists/gradle-3.3-all/55gk2rcmfc6p2dg9u9ohc3hw9/gradle-3.3/lib/plugins/aws-java-sdk-core-1.11.6.jar
7f965d1b0000-7f965d1b7000 r--s 00057000 08:03 3156333                    /home/vittal/.gradle/wrapper/dists/gradle-3.3-all/55gk2rcmfc6p2dg9u9ohc3hw9/gradle-3.3/lib/plugins/aws-java-sdk-kms-1.11.6.jar
7f965d1b7000-7f965d1c4000 r--s 0008e000 08:03 3156332                    /home/vittal/.gradle/wrapper/dists/gradle-3.3-all/55gk2rcmfc6p2dg9u9ohc3hw9/gradle-3.3/lib/plugins/aws-java-sdk-s3-1.11.6.jar
7f965d1c4000-7f965d1c6000 r--s 00004000 08:03 3156302                    /home/vittal/.gradle/wrapper/dists/gradle-3.3-all/55gk2rcmfc6p2dg9u9ohc3hw9/gradle-3.3/lib/plugins/gradle-resources-s3-3.3.jar
7f965d1c6000-7f965d1c8000 r--s 00005000 08:03 3156326                    /home/vittal/.gradle/wrapper/dists/gradle-3.3-all/55gk2rcmfc6p2dg9u9ohc3hw9/gradle-3.3/lib/plugins/jatl-0.2.2.jar
7f965d1c8000-7f965d1ca000 r--s 0000f000 08:03 3156279                    /home/vittal/.gradle/wrapper/dists/gradle-3.3-all/55gk2rcmfc6p2dg9u9ohc3hw9/gradle-3.3/lib/plugins/gradle-reporting-3.3.jar
7f965d1ca000-7f965d1cc000 r--s 00002000 08:03 3156280                    /home/vittal/.gradle/wrapper/dists/gradle-3.3-all/55gk2rcmfc6p2dg9u9ohc3hw9/gradle-3.3/lib/plugins/gradle-publish-3.3.jar
7f965d1cc000-7f965d1ce000 r--s 00009000 08:03 3156309                    /home/vittal/.gradle/wrapper/dists/gradle-3.3-all/55gk2rcmfc6p2dg9u9ohc3hw9/gradle-3.3/lib/plugins/commons-cli-1.2.jar
7f965d1ce000-7f965d1d4000 r--s 00031000 08:03 3156265                    /home/vittal/.gradle/wrapper/dists/gradle-3.3-all/55gk2rcmfc6p2dg9u9ohc3hw9/gradle-3.3/lib/plugins/gradle-plugins-3.3.jar
7f965d1d4000-7f965d1d6000 r--s 00009000 08:03 3156298                    /home/vittal/.gradle/wrapper/dists/gradle-3.3-all/55gk2rcmfc6p2dg9u9ohc3hw9/gradle-3.3/lib/plugins/gradle-plugin-development-3.3.jar
7f965d1d6000-7f965d1dc000 r--s 0002b000 08:03 3156291                    /home/vittal/.gradle/wrapper/dists/gradle-3.3-all/55gk2rcmfc6p2dg9u9ohc3hw9/gradle-3.3/lib/plugins/gradle-platform-play-3.3.jar
7f965d1dc000-7f965d1ea000 r--s 00055000 08:03 3156290                    /home/vittal/.gradle/wrapper/dists/gradle-3.3-all/55gk2rcmfc6p2dg9u9ohc3hw9/gradle-3.3/lib/plugins/gradle-platform-native-3.3.jar
7f965d1ea000-7f965d1ef000 r--s 0001f000 08:03 3156285                    /home/vittal/.gradle/wrapper/dists/gradle-3.3-all/55gk2rcmfc6p2dg9u9ohc3hw9/gradle-3.3/lib/plugins/gradle-platform-jvm-3.3.jar
7f965d1ef000-7f965d1f7000 r--s 00027000 08:03 3156284                    /home/vittal/.gradle/wrapper/dists/gradle-3.3-all/55gk2rcmfc6p2dg9u9ohc3hw9/gradle-3.3/lib/plugins/gradle-platform-base-3.3.jar
7f965d1f7000-7f965d21f000 r--s 0021c000 08:03 3156317                    /home/vittal/.gradle/wrapper/dists/gradle-3.3-all/55gk2rcmfc6p2dg9u9ohc3hw9/gradle-3.3/lib/plugins/biz.aQute.bndlib-3.2.0.jar
7f965d21f000-7f965d221000 r--s 00003000 08:03 3156269                    /home/vittal/.gradle/wrapper/dists/gradle-3.3-all/55gk2rcmfc6p2dg9u9ohc3hw9/gradle-3.3/lib/plugins/gradle-osgi-3.3.jar
7f965d221000-7f965d224000 r--s 0000c000 08:03 3156320                    /home/vittal/.gradle/wrapper/dists/gradle-3.3-all/55gk2rcmfc6p2dg9u9ohc3hw9/gradle-3.3/lib/plugins/pmaven-groovy-0.8-20100325.jar
7f965d224000-7f965d225000 r--s 00004000 08:03 3156319                    /home/vittal/.gradle/wrapper/dists/gradle-3.3-all/55gk2rcmfc6p2dg9u9ohc3hw9/gradle-3.3/lib/plugins/pmaven-common-0.8-20100325.jar
7f965d225000-7f965d22b000 r--s 00023000 08:03 3156270                    /home/vittal/.gradle/wrapper/dists/gradle-3.3-all/55gk2rcmfc6p2dg9u9ohc3hw9/gradle-3.3/lib/plugins/gradle-maven-3.3.jar
7f965d22b000-7f965d22e000 r--s 0000b000 08:03 3156289                    /home/vittal/.gradle/wrapper/dists/gradle-3.3-all/55gk2rcmfc6p2dg9u9ohc3hw9/gradle-3.3/lib/plugins/gradle-language-scala-3.3.jar
7f965d22e000-7f965d234000 r--s 0001a000 08:03 3156293                    /home/vittal/.gradle/wrapper/dists/gradle-3.3-all/55gk2rcmfc6p2dg9u9ohc3hw9/gradle-3.3/lib/plugins/gradle-language-native-3.3.jar
7f965d234000-7f965d237000 r--s 00005000 08:03 3156286                    /home/vittal/.gradle/wrapper/dists/gradle-3.3-all/55gk2rcmfc6p2dg9u9ohc3hw9/gradle-3.3/lib/plugins/gradle-language-jvm-3.3.jar
7f965d237000-7f965d23d000 r--s 00027000 08:03 3156287                    /home/vittal/.gradle/wrapper/dists/gradle-3.3-all/55gk2rcmfc6p2dg9u9ohc3hw9/gradle-3.3/lib/plugins/gradle-language-java-3.3.jar
7f965d23d000-7f965d23f000 r--s 0000a000 08:03 3156288                    /home/vittal/.gradle/wrapper/dists/gradle-3.3-all/55gk2rcmfc6p2dg9u9ohc3hw9/gradle-3.3/lib/plugins/gradle-language-groovy-3.3.jar
7f965d23f000-7f965d242000 r--s 0001e000 08:03 3156344                    /home/vittal/.gradle/wrapper/dists/gradle-3.3-all/55gk2rcmfc6p2dg9u9ohc3hw9/gradle-3.3/lib/plugins/jsp-api-2.1-6.1.14.jar
7f965d242000-7f965d265000 r--s 00344000 08:03 3156343                    /home/vittal/.gradle/wrapper/dists/gradle-3.3-all/55gk2rcmfc6p2dg9u9ohc3hw9/gradle-3.3/lib/plugins/core-3.1.1.jar
7f965d265000-7f965d266000 r--s 00006000 08:03 3156342                    /home/vittal/.gradle/wrapper/dists/gradle-3.3-all/55gk2rcmfc6p2dg9u9ohc3hw9/gradle-3.3/lib/plugins/jetty-naming-6.1.26.jar
7f965d266000-7f965d267000 r--s 00002000 08:03 3156316                    /home/vittal/.gradle/wrapper/dists/gradle-3.3-all/55gk2rcmfc6p2dg9u9ohc3hw9/gradle-3.3/lib/plugins/geronimo-annotation_1.0_spec-1.0.jar
7f965d267000-7f965d269000 r--s 00002000 08:03 3156315                    /home/vittal/.gradle/wrapper/dists/gradle-3.3-all/55gk2rcmfc6p2dg9u9ohc3hw9/gradle-3.3/lib/plugins/jetty-annotations-6.1.26.jar
7f965d269000-7f965d27a000 r--s 000ea000 08:03 3156314                    /home/vittal/.gradle/wrapper/dists/gradle-3.3-all/55gk2rcmfc6p2dg9u9ohc3hw9/gradle-3.3/lib/plugins/jsp-2.1-6.1.14.jar
7f965d27a000-7f965d27c000 r--s 0000d000 08:03 3156313                    /home/vittal/.gradle/wrapper/dists/gradle-3.3-all/55gk2rcmfc6p2dg9u9ohc3hw9/gradle-3.3/lib/plugins/jetty-plus-6.1.26.jar
7f965d27c000-7f965d27e000 r--s 0001f000 08:03 3156312                    /home/vittal/.gradle/wrapper/dists/gradle-3.3-all/55gk2rcmfc6p2dg9u9ohc3hw9/gradle-3.3/lib/plugins/servlet-api-2.5-20081211.jar
7f965d27e000-7f965d282000 r--s 00028000 08:03 3156311                    /home/vittal/.gradle/wrapper/dists/gradle-3.3-all/55gk2rcmfc6p2dg9u9ohc3hw9/gradle-3.3/lib/plugins/jetty-util-6.1.26.jar
7f965d282000-7f965d289000 r--s 0007d000 08:03 3156310                    /home/vittal/.gradle/wrapper/dists/gradle-3.3-all/55gk2rcmfc6p2dg9u9ohc3hw9/gradle-3.3/lib/plugins/jetty-6.1.26.jar
7f965d289000-7f965d28b000 r--s 0000a000 08:03 3156267                    /home/vittal/.gradle/wrapper/dists/gradle-3.3-all/55gk2rcmfc6p2dg9u9ohc3hw9/gradle-3.3/lib/plugins/gradle-jetty-3.3.jar
7f965d28b000-7f965d292000 r--s 00035000 08:03 3156325                    /home/vittal/.gradle/wrapper/dists/gradle-3.3-all/55gk2rcmfc6p2dg9u9ohc3hw9/gradle-3.3/lib/plugins/simple-4.1.21.jar
7f965d292000-7f965d29e000 r--s 00100000 08:03 3156323                    /home/vittal/.gradle/wrapper/dists/gradle-3.3-all/55gk2rcmfc6p2dg9u9ohc3hw9/gradle-3.3/lib/plugins/rhino-1.7R3.jar
7f965d29e000-7f965d2a2000 r--s 00012000 08:03 3156276                    /home/vittal/.gradle/wrapper/dists/gradle-3.3-all/55gk2rcmfc6p2dg9u9ohc3hw9/gradle-3.3/lib/plugins/gradle-javascript-3.3.jar
7f965d2a2000-7f965d2a4000 r--s 0000d000 08:03 3156282                    /home/vittal/.gradle/wrapper/dists/gradle-3.3-all/55gk2rcmfc6p2dg9u9ohc3hw9/gradle-3.3/lib/plugins/gradle-jacoco-3.3.jar
7f965d2a4000-7f965d2a7000 r--s 0000e000 08:03 3156281                    /home/vittal/.gradle/wrapper/dists/gradle-3.3-all/55gk2rcmfc6p2dg9u9ohc3hw9/gradle-3.3/lib/plugins/gradle-ivy-3.3.jar
7f965d2a7000-7f965d2a8000 r--s 00002000 08:03 3156292                    /home/vittal/.gradle/wrapper/dists/gradle-3.3-all/55gk2rcmfc6p2dg9u9ohc3hw9/gradle-3.3/lib/plugins/gradle-ide-play-3.3.jar
7f965d2a8000-7f965d2ab000 r--s 00013000 08:03 3156294                    /home/vittal/.gradle/wrapper/dists/gradle-3.3-all/55gk2rcmfc6p2dg9u9ohc3hw9/gradle-3.3/lib/plugins/gradle-ide-native-3.3.jar
7f965d2ab000-7f965d2b4000 r--s 00055000 08:03 3156271                    /home/vittal/.gradle/wrapper/dists/gradle-3.3-all/55gk2rcmfc6p2dg9u9ohc3hw9/gradle-3.3/lib/plugins/gradle-ide-3.3.jar
7f965d2b4000-7f965d2b6000 r--s 00007000 08:03 3156275                    /home/vittal/.gradle/wrapper/dists/gradle-3.3-all/55gk2rcmfc6p2dg9u9ohc3hw9/gradle-3.3/lib/plugins/gradle-ear-3.3.jar
7f965d2b6000-7f965d2bc000 r--s 00039000 08:03 3156278                    /home/vittal/.gradle/wrapper/dists/gradle-3.3-all/55gk2rcmfc6p2dg9u9ohc3hw9/gradle-3.3/lib/plugins/gradle-diagnostics-3.3.jar
7f965d2bc000-7f965d2bd000 r--s 00009000 08:03 3156304                    /home/vittal/.gradle/wrapper/dists/gradle-3.3-all/55gk2rcmfc6p2dg9u9ohc3hw9/gradle-3.3/lib/plugins/gradle-composite-builds-3.3.jar
7f965d2bd000-7f965d2c1000 r--s 00023000 08:03 3156266                    /home/vittal/.gradle/wrapper/dists/gradle-3.3-all/55gk2rcmfc6p2dg9u9ohc3hw9/gradle-3.3/lib/plugins/gradle-code-quality-3.3.jar
7f965d2c1000-7f965d2c5000 r--s 00022000 08:03 3156283                    /home/vittal/.gradle/wrapper/dists/gradle-3.3-all/55gk2rcmfc6p2dg9u9ohc3hw9/gradle-3.3/lib/plugins/gradle-build-init-3.3.jar
7f965d2c5000-7f965d2cb000 r--s 0008e000 08:03 3156277                    /home/vittal/.gradle/wrapper/dists/gradle-3.3-all/55gk2rcmfc6p2dg9u9ohc3hw9/gradle-3.3/lib/plugins/gradle-build-comparison-3.3.jar
7f965d2cb000-7f965d2cc000 r--s 00001000 08:03 3156305                    /home/vittal/.gradle/wrapper/dists/gradle-3.3-all/55gk2rcmfc6p2dg9u9ohc3hw9/gradle-3.3/lib/plugins/gradle-build-cache-http-3.3.jar
7f965d2cc000-7f965d2ce000 r--s 00008000 08:03 3156268                    /home/vittal/.gradle/wrapper/dists/gradle-3.3-all/55gk2rcmfc6p2dg9u9ohc3hw9/gradle-3.3/lib/plugins/gradle-antlr-3.3.jar
7f965d2ce000-7f965d2d0000 r--s 00004000 08:03 3156272                    /home/vittal/.gradle/wrapper/dists/gradle-3.3-all/55gk2rcmfc6p2dg9u9ohc3hw9/gradle-3.3/lib/plugins/gradle-announce-3.3.jar
7f965d2d0000-7f965d2e8000 r--s 00115000 08:03 3156374                    /home/vittal/.gradle/wrapper/dists/gradle-3.3-all/55gk2rcmfc6p2dg9u9ohc3hw9/gradle-3.3/lib/plugins/xercesImpl-2.9.1.jar
7f965d2e8000-7f965d2f0000 r--s 00028000 08:03 3156375                    /home/vittal/.gradle/wrapper/dists/gradle-3.3-all/55gk2rcmfc6p2dg9u9ohc3hw9/gradle-3.3/lib/plugins/xml-apis-1.3.04.jar
7f965d2f0000-7f965d2f6000 r--s 0005b000 08:03 3156373                    /home/vittal/.gradle/wrapper/dists/gradle-3.3-all/55gk2rcmfc6p2dg9u9ohc3hw9/gradle-3.3/lib/plugins/jcifs-1.3.17.jar
7f965d2f6000-7f965d2fc000 r--s 00033000 08:03 3156321                    /home/vittal/.gradle/wrapper/dists/gradle-3.3-all/55gk2rcmfc6p2dg9u9ohc3hw9/gradle-3.3/lib/plugins/commons-codec-1.6.jar
7f965d2fc000-7f965d303000 r--s 00049000 08:03 3156372                    /home/vittal/.gradle/wrapper/dists/gradle-3.3-all/55gk2rcmfc6p2dg9u9ohc3hw9/gradle-3.3/lib/plugins/httpcore-4.4.4.jar
7f965d303000-7f965d306000 r--s 0001c000 08:03 3156330                    /home/vittal/.gradle/wrapper/dists/gradle-3.3-all/55gk2rcmfc6p2dg9u9ohc3hw9/gradle-3.3/lib/plugins/nekohtml-1.9.14.jar
7f965d306000-7f965d313000 r--s 000a4000 08:03 3156329                    /home/vittal/.gradle/wrapper/dists/gradle-3.3-all/55gk2rcmfc6p2dg9u9ohc3hw9/gradle-3.3/lib/plugins/httpclient-4.4.1.jar
7f965d313000-7f965d316000 r--s 0000a000 08:03 3156300                    /home/vittal/.gradle/wrapper/dists/gradle-3.3-all/55gk2rcmfc6p2dg9u9ohc3hw9/gradle-3.3/lib/plugins/gradle-resources-http-3.3.jar
7f965d316000-7f965d31a000 r--s 00015000 08:03 3156299                    /home/vittal/.gradle/wrapper/dists/gradle-3.3-all/55gk2rcmfc6p2dg9u9ohc3hw9/gradle-3.3/lib/plugins/gradle-plugin-use-3.3.jar
7f965d31a000-7f965d31b000 r--s 00000000 08:03 3156211                    /home/vittal/.gradle/wrapper/dists/gradle-3.3-all/55gk2rcmfc6p2dg9u9ohc3hw9/gradle-3.3/lib/gradle-installation-beacon-3.3.jar
7f965d31b000-7f965d31d000 r--s 00006000 08:03 3156368                    /home/vittal/.gradle/wrapper/dists/gradle-3.3-all/55gk2rcmfc6p2dg9u9ohc3hw9/gradle-3.3/lib/plugins/aether-connector-wagon-1.13.1.jar
7f965d31d000-7f965d321000 r--s 0001c000 08:03 3156367                    /home/vittal/.gradle/wrapper/dists/gradle-3.3-all/55gk2rcmfc6p2dg9u9ohc3hw9/gradle-3.3/lib/plugins/aether-util-1.13.1.jar
7f965d321000-7f965d322000 r--s 00003000 08:03 3156366                    /home/vittal/.gradle/wrapper/dists/gradle-3.3-all/55gk2rcmfc6p2dg9u9ohc3hw9/gradle-3.3/lib/plugins/aether-spi-1.13.1.jar
7f965d322000-7f965d325000 r--s 0001d000 08:03 3156365                    /home/vittal/.gradle/wrapper/dists/gradle-3.3-all/55gk2rcmfc6p2dg9u9ohc3hw9/gradle-3.3/lib/plugins/aether-impl-1.13.1.jar
7f965d325000-7f965d328000 r--s 00013000 08:03 3156364                    /home/vittal/.gradle/wrapper/dists/gradle-3.3-all/55gk2rcmfc6p2dg9u9ohc3hw9/gradle-3.3/lib/plugins/aether-api-1.13.1.jar
7f965d328000-7f965d329000 r--s 00007000 08:03 3156363                    /home/vittal/.gradle/wrapper/dists/gradle-3.3-all/55gk2rcmfc6p2dg9u9ohc3hw9/gradle-3.3/lib/plugins/wagon-http-shared4-2.4.jar
7f965d329000-7f965d32b000 r--s 0000b000 08:03 3156362                    /home/vittal/.gradle/wrapper/dists/gradle-3.3-all/55gk2rcmfc6p2dg9u9ohc3hw9/gradle-3.3/lib/plugins/wagon-provider-api-2.4.jar
7f965d32b000-7f965d32c000 r--s 00002000 08:03 3156361                    /home/vittal/.gradle/wrapper/dists/gradle-3.3-all/55gk2rcmfc6p2dg9u9ohc3hw9/gradle-3.3/lib/plugins/wagon-http-2.4.jar
7f965d32c000-7f965d32d000 r--s 00002000 08:03 3156360                    /home/vittal/.gradle/wrapper/dists/gradle-3.3-all/55gk2rcmfc6p2dg9u9ohc3hw9/gradle-3.3/lib/plugins/wagon-file-2.4.jar
7f965d32d000-7f965d32f000 r--s 0000c000 08:03 3156359                    /home/vittal/.gradle/wrapper/dists/gradle-3.3-all/55gk2rcmfc6p2dg9u9ohc3hw9/gradle-3.3/lib/plugins/maven-aether-provider-3.0.4.jar
7f965d32f000-7f965d331000 r--s 0000b000 08:03 3156358                    /home/vittal/.gradle/wrapper/dists/gradle-3.3-all/55gk2rcmfc6p2dg9u9ohc3hw9/gradle-3.3/lib/plugins/maven-plugin-api-3.0.4.jar
7f965d331000-7f965d333000 r--s 00006000 08:03 3156357                    /home/vittal/.gradle/wrapper/dists/gradle-3.3-all/55gk2rcmfc6p2dg9u9ohc3hw9/gradle-3.3/lib/plugins/maven-repository-metadata-3.0.4.jar
7f965d333000-7f965d335000 r--s 0000b000 08:03 3156356                    /home/vittal/.gradle/wrapper/dists/gradle-3.3-all/55gk2rcmfc6p2dg9u9ohc3hw9/gradle-3.3/lib/plugins/maven-artifact-3.0.4.jar
7f965d335000-7f965d337000 r--s 00026000 08:03 3156355                    /home/vittal/.gradle/wrapper/dists/gradle-3.3-all/55gk2rcmfc6p2dg9u9ohc3hw9/gradle-3.3/lib/plugins/maven-model-3.0.4.jar
7f965d337000-7f965d33b000 r--s 00021000 08:03 3156354                    /home/vittal/.gradle/wrapper/dists/gradle-3.3-all/55gk2rcmfc6p2dg9u9ohc3hw9/gradle-3.3/lib/plugins/maven-model-builder-3.0.4.jar
7f965d33b000-7f965d341000 r--s 0003f000 08:03 3156353                    /home/vittal/.gradle/wrapper/dists/gradle-3.3-all/55gk2rcmfc6p2dg9u9ohc3hw9/gradle-3.3/lib/plugins/maven-compat-3.0.4.jar
7f965d341000-7f965d342000 r--s 00006000 08:03 3156352                    /home/vittal/.gradle/wrapper/dists/gradle-3.3-all/55gk2rcmfc6p2dg9u9ohc3hw9/gradle-3.3/lib/plugins/plexus-sec-dispatcher-1.3.jar
7f965d342000-7f965d344000 r--s 00002000 08:03 3156351                    /home/vittal/.gradle/wrapper/dists/gradle-3.3-all/55gk2rcmfc6p2dg9u9ohc3hw9/gradle-3.3/lib/plugins/plexus-cipher-1.7.jar
7f965d344000-7f965d346000 r--s 0000a000 08:03 3156350                    /home/vittal/.gradle/wrapper/dists/gradle-3.3-all/55gk2rcmfc6p2dg9u9ohc3hw9/gradle-3.3/lib/plugins/plexus-classworlds-2.4.jar
7f965d346000-7f965d34d000 r--s 0002e000 08:03 3156349                    /home/vittal/.gradle/wrapper/dists/gradle-3.3-all/55gk2rcmfc6p2dg9u9ohc3hw9/gradle-3.3/lib/plugins/plexus-container-default-1.5.5.jar
7f965d34d000-7f965d34f000 r--s 00000000 08:03 3156376                    /home/vittal/.gradle/wrapper/dists/gradle-3.3-all/55gk2rcmfc6p2dg9u9ohc3hw9/gradle-3.3/lib/plugins/plexus-component-annotations-1.5.5.jar
7f965d34f000-7f965d351000 r--s 0000d000 08:03 3156348                    /home/vittal/.gradle/wrapper/dists/gradle-3.3-all/55gk2rcmfc6p2dg9u9ohc3hw9/gradle-3.3/lib/plugins/plexus-interpolation-1.14.jar
7f965d351000-7f965d355000 r--s 00033000 08:03 3156347                    /home/vittal/.gradle/wrapper/dists/gradle-3.3-all/55gk2rcmfc6p2dg9u9ohc3hw9/gradle-3.3/lib/plugins/plexus-utils-2.0.6.jar
7f965d355000-7f965d358000 r--s 00008000 08:03 3156346                    /home/vittal/.gradle/wrapper/dists/gradle-3.3-all/55gk2rcmfc6p2dg9u9ohc3hw9/gradle-3.3/lib/plugins/maven-settings-builder-3.0.4.jar
7f965d358000-7f965d35a000 r--s 0000a000 08:03 3156345                    /home/vittal/.gradle/wrapper/dists/gradle-3.3-all/55gk2rcmfc6p2dg9u9ohc3hw9/gradle-3.3/lib/plugins/maven-settings-3.0.4.jar
7f965d35a000-7f965d35f000 r--s 00040000 08:03 3156331                    /home/vittal/.gradle/wrapper/dists/gradle-3.3-all/55gk2rcmfc6p2dg9u9ohc3hw9/gradle-3.3/lib/plugins/jsch-0.1.53.jar
7f965d35f000-7f965d39f000 r--s 00277000 08:03 3156341                    /home/vittal/.gradle/wrapper/dists/gradle-3.3-all/55gk2rcmfc6p2dg9u9ohc3hw9/gradle-3.3/lib/plugins/bcprov-jdk15on-1.51.jar
7f965d39f000-7f965d3ab000 r--s 0007d000 08:03 3156318                    /home/vittal/.gradle/wrapper/dists/gradle-3.3-all/55gk2rcmfc6p2dg9u9ohc3hw9/gradle-3.3/lib/plugins/maven-core-3.0.4.jar
7f965d3ab000-7f965d3ca000 r--s 000f6000 08:03 3156307                    /home/vittal/.gradle/wrapper/dists/gradle-3.3-all/55gk2rcmfc6p2dg9u9ohc3hw9/gradle-3.3/lib/plugins/gradle-dependency-management-3.3.jar
7f965d3ca000-7f965d3e0000 r-xp 00000000 08:03 4723241                    /lib/x86_64-linux-gnu/libgcc_s.so.1
7f965d3e0000-7f965d5df000 ---p 00016000 08:03 4723241                    /lib/x86_64-linux-gnu/libgcc_s.so.1
7f965d5df000-7f965d5e0000 rw-p 00015000 08:03 4723241                    /lib/x86_64-linux-gnu/libgcc_s.so.1
7f965d5e0000-7f965d752000 r-xp 00000000 08:03 4983631                    /usr/lib/x86_64-linux-gnu/libstdc++.so.6.0.21
7f965d752000-7f965d952000 ---p 00172000 08:03 4983631                    /usr/lib/x86_64-linux-gnu/libstdc++.so.6.0.21
7f965d952000-7f965d95c000 r--p 00172000 08:03 4983631                    /usr/lib/x86_64-linux-gnu/libstdc++.so.6.0.21
7f965d95c000-7f965d95e000 rw-p 0017c000 08:03 4983631                    /usr/lib/x86_64-linux-gnu/libstdc++.so.6.0.21
7f965d95e000-7f965d962000 rw-p 00000000 00:00 0 
7f965d962000-7f965d966000 r--s 0001d000 08:03 3156340                    /home/vittal/.gradle/wrapper/dists/gradle-3.3-all/55gk2rcmfc6p2dg9u9ohc3hw9/gradle-3.3/lib/plugins/xbean-reflect-3.4.jar
7f965d966000-7f965d96b000 r--s 00034000 08:03 3156324                    /home/vittal/.gradle/wrapper/dists/gradle-3.3-all/55gk2rcmfc6p2dg9u9ohc3hw9/gradle-3.3/lib/plugins/gson-2.7.jar
7f965d96b000-7f965d97a000 r--s 000d9000 08:03 3156339                    /home/vittal/.gradle/wrapper/dists/gradle-3.3-all/55gk2rcmfc6p2dg9u9ohc3hw9/gradle-3.3/lib/plugins/ivy-2.2.0.jar
7f965d97a000-7f965d97c000 r--s 00005000 08:03 3156306                    /home/vittal/.gradle/wrapper/dists/gradle-3.3-all/55gk2rcmfc6p2dg9u9ohc3hw9/gradle-3.3/lib/plugins/gradle-workers-3.3.jar
7f965d97c000-7f965d981000 r-xp 00000000 08:03 1843452                    /home/vittal/.gradle/native/23/linux-amd64/libnative-platform.so
7f965d981000-7f965db80000 ---p 00005000 08:03 1843452                    /home/vittal/.gradle/native/23/linux-amd64/libnative-platform.so
7f965db80000-7f965db81000 rw-p 00004000 08:03 1843452                    /home/vittal/.gradle/native/23/linux-amd64/libnative-platform.so
7f965db81000-7f965db92000 r-xp 00000000 08:03 4991198                    /usr/local/android-studio/jre/jre/lib/amd64/libnio.so
7f965db92000-7f965dd91000 ---p 00011000 08:03 4991198                    /usr/local/android-studio/jre/jre/lib/amd64/libnio.so
7f965dd91000-7f965dd92000 r--p 00010000 08:03 4991198                    /usr/local/android-studio/jre/jre/lib/amd64/libnio.so
7f965dd92000-7f965dd93000 rw-p 00011000 08:03 4991198                    /usr/local/android-studio/jre/jre/lib/amd64/libnio.so
7f965dd93000-7f965e094000 rw-p 00000000 00:00 0 
7f965e094000-7f965e0ab000 r-xp 00000000 08:03 4991196                    /usr/local/android-studio/jre/jre/lib/amd64/libnet.so
7f965e0ab000-7f965e2aa000 ---p 00017000 08:03 4991196                    /usr/local/android-studio/jre/jre/lib/amd64/libnet.so
7f965e2aa000-7f965e2ab000 r--p 00016000 08:03 4991196                    /usr/local/android-studio/jre/jre/lib/amd64/libnet.so
7f965e2ab000-7f965e2ac000 rw-p 00017000 08:03 4991196                    /usr/local/android-studio/jre/jre/lib/amd64/libnet.so
7f965e2ac000-7f965e2ad000 r--s 00006000 08:03 3156210                    /home/vittal/.gradle/wrapper/dists/gradle-3.3-all/55gk2rcmfc6p2dg9u9ohc3hw9/gradle-3.3/lib/gradle-wrapper-3.3.jar
7f965e2ad000-7f965e2ba000 r--s 00041000 08:03 3156217                    /home/vittal/.gradle/wrapper/dists/gradle-3.3-all/55gk2rcmfc6p2dg9u9ohc3hw9/gradle-3.3/lib/gradle-tooling-api-3.3.jar
7f965e2ba000-7f965e2bc000 r--s 00002000 08:03 3156237                    /home/vittal/.gradle/wrapper/dists/gradle-3.3-all/55gk2rcmfc6p2dg9u9ohc3hw9/gradle-3.3/lib/gradle-open-api-3.3.jar
7f965e2bc000-7f965e2c2000 r--s 00032000 08:03 3156239                    /home/vittal/.gradle/wrapper/dists/gradle-3.3-all/55gk2rcmfc6p2dg9u9ohc3hw9/gradle-3.3/lib/jaxen-1.1.jar
7f965e2c2000-7f965e2c7000 r--s 00048000 08:03 3156238                    /home/vittal/.gradle/wrapper/dists/gradle-3.3-all/55gk2rcmfc6p2dg9u9ohc3hw9/gradle-3.3/lib/dom4j-1.6.1.jar
7f965e2c7000-7f965e2d2000 r--s 00059000 08:03 3156216                    /home/vittal/.gradle/wrapper/dists/gradle-3.3-all/55gk2rcmfc6p2dg9u9ohc3hw9/gradle-3.3/lib/gradle-ui-3.3.jar
7f965e2d2000-7f965e2db000 r--s 0008c000 08:03 3156208                    /home/vittal/.gradle/wrapper/dists/gradle-3.3-all/55gk2rcmfc6p2dg9u9ohc3hw9/gradle-3.3/lib/kotlin-stdlib-1.1-M02.jar
7f965e2db000-7f965e2e1000 r--s 0002a000 08:03 3156207                    /home/vittal/.gradle/wrapper/dists/gradle-3.3-all/55gk2rcmfc6p2dg9u9ohc3hw9/gradle-3.3/lib/kotlin-runtime-1.1-M02.jar
7f965e2e1000-7f965e315000 r--s 00256000 08:03 3156206                    /home/vittal/.gradle/wrapper/dists/gradle-3.3-all/55gk2rcmfc6p2dg9u9ohc3hw9/gradle-3.3/lib/kotlin-reflect-1.1-M02.jar
7f965e315000-7f965e4ab000 r--s 0157e000 08:03 3156205                    /home/vittal/.gradle/wrapper/dists/gradle-3.3-all/55gk2rcmfc6p2dg9u9ohc3hw9/gradle-3.3/lib/kotlin-compiler-embeddable-1.1-M02.jar
7f965e4ab000-7f965e4b3000 r--s 0004e000 08:03 3156204                    /home/vittal/.gradle/wrapper/dists/gradle-3.3-all/55gk2rcmfc6p2dg9u9ohc3hw9/gradle-3.3/lib/gradle-script-kotlin-0.5.1.jar
7f965e4b3000-7f965e4b6000 r--s 0000b000 08:03 3156235                    /home/vittal/.gradle/wrapper/dists/gradle-3.3-all/55gk2rcmfc6p2dg9u9ohc3hw9/gradle-3.3/lib/gradle-resources-3.3.jar
7f965e4b6000-7f965e4b8000 r--s 00003000 08:03 3156244                    /home/vittal/.gradle/wrapper/dists/gradle-3.3-all/55gk2rcmfc6p2dg9u9ohc3hw9/gradle-3.3/lib/jcl-over-slf4j-1.7.10.jar
7f965e4b8000-7f965e4b9000 r--s 00005000 08:03 3156243                    /home/vittal/.gradle/wrapper/dists/gradle-3.3-all/55gk2rcmfc6p2dg9u9ohc3hw9/gradle-3.3/lib/log4j-over-slf4j-1.7.10.jar
7f965e4b9000-7f965e4bb000 r--s 00000000 08:03 3156242                    /home/vittal/.gradle/wrapper/dists/gradle-3.3-all/55gk2rcmfc6p2dg9u9ohc3hw9/gradle-3.3/lib/jul-to-slf4j-1.7.10.jar
7f965e4bb000-7f965e4c0000 r--s 0001e000 08:03 3156219                    /home/vittal/.gradle/wrapper/dists/gradle-3.3-all/55gk2rcmfc6p2dg9u9ohc3hw9/gradle-3.3/lib/gradle-logging-3.3.jar
7f965e4c0000-7f965e530000 r--s 00641000 08:03 3156224                    /home/vittal/.gradle/wrapper/dists/gradle-3.3-all/55gk2rcmfc6p2dg9u9ohc3hw9/gradle-3.3/lib/groovy-all-2.4.7.jar
7f965e530000-7f965e531000 ---p 00000000 00:00 0 
7f965e531000-7f965e631000 rw-p 00000000 00:00 0 
7f965e631000-7f965e634000 ---p 00000000 00:00 0 
7f965e634000-7f965e732000 rw-p 00000000 00:00 0 
7f965e732000-7f965e735000 ---p 00000000 00:00 0 
7f965e735000-7f965e833000 rw-p 00000000 00:00 0 
7f965e833000-7f965e836000 ---p 00000000 00:00 0 
7f965e836000-7f965e934000 rw-p 00000000 00:00 0 
7f965e934000-7f965e937000 ---p 00000000 00:00 0 
7f965e937000-7f965ea35000 rw-p 00000000 00:00 0 
7f965ea35000-7f965ea38000 ---p 00000000 00:00 0 
7f965ea38000-7f965eb36000 rw-p 00000000 00:00 0 
7f965eb36000-7f965f4f5000 r--p 00000000 08:03 4988117                    /usr/lib/locale/locale-archive
7f965f4f5000-7f965f4f8000 ---p 00000000 00:00 0 
7f965f4f8000-7f965f5f6000 rw-p 00000000 00:00 0 
7f965f5f6000-7f965f5f9000 ---p 00000000 00:00 0 
7f965f5f9000-7f965f6f7000 rw-p 00000000 00:00 0 
7f965f6f7000-7f965f6f8000 ---p 00000000 00:00 0 
7f965f6f8000-7f9660000000 rw-p 00000000 00:00 0 
7f9660000000-7f9660021000 rw-p 00000000 00:00 0 
7f9660021000-7f9664000000 ---p 00000000 00:00 0 
7f9664000000-7f9664002000 r--s 00007000 08:03 3156263                    /home/vittal/.gradle/wrapper/dists/gradle-3.3-all/55gk2rcmfc6p2dg9u9ohc3hw9/gradle-3.3/lib/objenesis-1.2.jar
7f9664002000-7f9664004000 r--s 00000000 08:03 3156262                    /home/vittal/.gradle/wrapper/dists/gradle-3.3-all/55gk2rcmfc6p2dg9u9ohc3hw9/gradle-3.3/lib/minlog-1.2.jar
7f9664004000-7f9664006000 r--s 0000f000 08:03 3156261                    /home/vittal/.gradle/wrapper/dists/gradle-3.3-all/55gk2rcmfc6p2dg9u9ohc3hw9/gradle-3.3/lib/reflectasm-1.07-shaded.jar
7f9664006000-7f966400a000 r--s 00026000 08:03 3156246                    /home/vittal/.gradle/wrapper/dists/gradle-3.3-all/55gk2rcmfc6p2dg9u9ohc3hw9/gradle-3.3/lib/kryo-2.20.jar
7f966400a000-7f9664010000 r--s 00027000 08:03 3156234                    /home/vittal/.gradle/wrapper/dists/gradle-3.3-all/55gk2rcmfc6p2dg9u9ohc3hw9/gradle-3.3/lib/gradle-messaging-3.3.jar
7f9664010000-7f9664011000 r--s 00001000 08:03 3156260                    /home/vittal/.gradle/wrapper/dists/gradle-3.3-all/55gk2rcmfc6p2dg9u9ohc3hw9/gradle-3.3/lib/native-platform-linux-i386-ncurses6-0.12.jar
7f9664011000-7f9664012000 r--s 00001000 08:03 3156259                    /home/vittal/.gradle/wrapper/dists/gradle-3.3-all/55gk2rcmfc6p2dg9u9ohc3hw9/gradle-3.3/lib/native-platform-linux-i386-ncurses5-0.12.jar
7f9664012000-7f966403a000 r--s 001cf000 08:03 3156221                    /home/vittal/.gradle/wrapper/dists/gradle-3.3-all/55gk2rcmfc6p2dg9u9ohc3hw9/gradle-3.3/lib/guava-jdk5-17.0.jar
7f966403a000-7f9664059000 r--s 001d1000 08:03 3156228                    /home/vittal/.gradle/wrapper/dists/gradle-3.3-all/55gk2rcmfc6p2dg9u9ohc3hw9/gradle-3.3/lib/ant-1.9.6.jar
7f9664059000-7f9664096000 r--s 001f8000 08:03 3156214                    /home/vittal/.gradle/wrapper/dists/gradle-3.3-all/55gk2rcmfc6p2dg9u9ohc3hw9/gradle-3.3/lib/gradle-core-3.3.jar
7f9664096000-7f9668000000 rw-p 00000000 00:00 0 
7f9668000000-7f9668021000 rw-p 00000000 00:00 0 
7f9668021000-7f966c000000 ---p 00000000 00:00 0 
7f966c000000-7f966c02b000 rw-p 00000000 00:00 0 
7f966c02b000-7f9670000000 ---p 00000000 00:00 0 
7f9670000000-7f9670021000 rw-p 00000000 00:00 0 
7f9670021000-7f9674000000 ---p 00000000 00:00 0 
7f9674000000-7f9674001000 r--s 00001000 08:03 3156258                    /home/vittal/.gradle/wrapper/dists/gradle-3.3-all/55gk2rcmfc6p2dg9u9ohc3hw9/gradle-3.3/lib/native-platform-linux-amd64-ncurses6-0.12.jar
7f9674001000-7f9674002000 r--s 00001000 08:03 3156257                    /home/vittal/.gradle/wrapper/dists/gradle-3.3-all/55gk2rcmfc6p2dg9u9ohc3hw9/gradle-3.3/lib/native-platform-linux-amd64-ncurses5-0.12.jar
7f9674002000-7f9674003000 r--s 0000b000 08:03 3156256                    /home/vittal/.gradle/wrapper/dists/gradle-3.3-all/55gk2rcmfc6p2dg9u9ohc3hw9/gradle-3.3/lib/native-platform-windows-i386-0.12.jar
7f9674003000-7f9674005000 r--s 0000b000 08:03 3156255                    /home/vittal/.gradle/wrapper/dists/gradle-3.3-all/55gk2rcmfc6p2dg9u9ohc3hw9/gradle-3.3/lib/native-platform-windows-amd64-0.12.jar
7f9674005000-7f9674007000 r--s 00002000 08:03 3156254                    /home/vittal/.gradle/wrapper/dists/gradle-3.3-all/55gk2rcmfc6p2dg9u9ohc3hw9/gradle-3.3/lib/native-platform-osx-i386-0.12.jar
7f9674007000-7f9674008000 r--s 00002000 08:03 3156253                    /home/vittal/.gradle/wrapper/dists/gradle-3.3-all/55gk2rcmfc6p2dg9u9ohc3hw9/gradle-3.3/lib/native-platform-osx-amd64-0.12.jar
7f9674008000-7f9674009000 r--s 00002000 08:03 3156252                    /home/vittal/.gradle/wrapper/dists/gradle-3.3-all/55gk2rcmfc6p2dg9u9ohc3hw9/gradle-3.3/lib/native-platform-linux-i386-0.12.jar
7f9674009000-7f967400a000 r--s 00002000 08:03 3156251                    /home/vittal/.gradle/wrapper/dists/gradle-3.3-all/55gk2rcmfc6p2dg9u9ohc3hw9/gradle-3.3/lib/native-platform-linux-amd64-0.12.jar
7f967400a000-7f967400b000 r--s 00003000 08:03 3156250                    /home/vittal/.gradle/wrapper/dists/gradle-3.3-all/55gk2rcmfc6p2dg9u9ohc3hw9/gradle-3.3/lib/native-platform-freebsd-i386-libstdcpp-0.12.jar
7f967400b000-7f967400c000 r--s 00004000 08:03 3156249                    /home/vittal/.gradle/wrapper/dists/gradle-3.3-all/55gk2rcmfc6p2dg9u9ohc3hw9/gradle-3.3/lib/native-platform-freebsd-i386-libcpp-0.12.jar
7f967400c000-7f967400e000 r--s 00003000 08:03 3156248                    /home/vittal/.gradle/wrapper/dists/gradle-3.3-all/55gk2rcmfc6p2dg9u9ohc3hw9/gradle-3.3/lib/native-platform-freebsd-amd64-libstdcpp-0.12.jar
7f967400e000-7f9674011000 r--s 00023000 08:03 3156241                    /home/vittal/.gradle/wrapper/dists/gradle-3.3-all/55gk2rcmfc6p2dg9u9ohc3hw9/gradle-3.3/lib/jansi-1.14.jar
7f9674011000-7f9674015000 r--s 00011000 08:03 3156240                    /home/vittal/.gradle/wrapper/dists/gradle-3.3-all/55gk2rcmfc6p2dg9u9ohc3hw9/gradle-3.3/lib/native-platform-0.12.jar
7f9674015000-7f9674018000 r--s 0000a000 08:03 3156218                    /home/vittal/.gradle/wrapper/dists/gradle-3.3-all/55gk2rcmfc6p2dg9u9ohc3hw9/gradle-3.3/lib/gradle-native-3.3.jar
7f9674018000-7f967401a000 r--s 00005000 08:03 3156215                    /home/vittal/.gradle/wrapper/dists/gradle-3.3-all/55gk2rcmfc6p2dg9u9ohc3hw9/gradle-3.3/lib/gradle-cli-3.3.jar
7f967401a000-7f967401c000 r--s 00007000 08:03 3156226                    /home/vittal/.gradle/wrapper/dists/gradle-3.3-all/55gk2rcmfc6p2dg9u9ohc3hw9/gradle-3.3/lib/gradle-model-groovy-3.3.jar
7f967401c000-7f967401e000 r--s 00006000 08:03 3156233                    /home/vittal/.gradle/wrapper/dists/gradle-3.3-all/55gk2rcmfc6p2dg9u9ohc3hw9/gradle-3.3/lib/gradle-base-services-groovy-3.3.jar
7f967401e000-7f967406c000 rw-p 00000000 00:00 0 
7f967406c000-7f967423b000 r--s 03c1b000 08:03 4991166                    /usr/local/android-studio/jre/jre/lib/rt.jar
7f967423b000-7f967453b000 rw-p 00000000 00:00 0 
7f967453b000-7f967453c000 ---p 00000000 00:00 0 
7f967453c000-7f967463c000 rw-p 00000000 00:00 0 
7f967463c000-7f967463d000 ---p 00000000 00:00 0 
7f967463d000-7f967473d000 rw-p 00000000 00:00 0 
7f967473d000-7f967473e000 ---p 00000000 00:00 0 
7f967473e000-7f967483e000 rw-p 00000000 00:00 0 
7f967483e000-7f967483f000 ---p 00000000 00:00 0 
7f967483f000-7f9674974000 rw-p 00000000 00:00 0 
7f9674974000-7f9674b3f000 ---p 00000000 00:00 0 
7f9674b3f000-7f9674bd9000 rw-p 00000000 00:00 0 
7f9674bd9000-7f9674c3f000 ---p 00000000 00:00 0 
7f9674c3f000-7f9674ca9000 rw-p 00000000 00:00 0 
7f9674ca9000-7f9675000000 ---p 00000000 00:00 0 
7f9675000000-7f9676a10000 rwxp 00000000 00:00 0 
7f9676a10000-7f9684000000 ---p 00000000 00:00 0 
7f9684000000-7f9684d29000 rw-p 00000000 00:00 0 
7f9684d29000-7f9688000000 ---p 00000000 00:00 0 
7f9688000000-7f9688001000 r--s 00004000 08:03 3156247                    /home/vittal/.gradle/wrapper/dists/gradle-3.3-all/55gk2rcmfc6p2dg9u9ohc3hw9/gradle-3.3/lib/native-platform-freebsd-amd64-libcpp-0.12.jar
7f9688001000-7f9688010000 r--s 0007f000 08:03 3156225                    /home/vittal/.gradle/wrapper/dists/gradle-3.3-all/55gk2rcmfc6p2dg9u9ohc3hw9/gradle-3.3/lib/gradle-model-core-3.3.jar
7f9688010000-7f9688011000 r--s 00002000 08:03 3156236                    /home/vittal/.gradle/wrapper/dists/gradle-3.3-all/55gk2rcmfc6p2dg9u9ohc3hw9/gradle-3.3/lib/gradle-docs-3.3.jar
7f9688011000-7f968801e000 r--s 00083000 08:03 3156229                    /home/vittal/.gradle/wrapper/dists/gradle-3.3-all/55gk2rcmfc6p2dg9u9ohc3hw9/gradle-3.3/lib/commons-collections-3.2.2.jar
7f968801e000-7f96880ea000 rw-p 00000000 00:00 0 
7f96880ea000-7f96882b5000 ---p 00000000 00:00 0 
7f96882b5000-7f96882cf000 r-xp 00000000 08:03 4991193                    /usr/local/android-studio/jre/jre/lib/amd64/libzip.so
7f96882cf000-7f96884cf000 ---p 0001a000 08:03 4991193                    /usr/local/android-studio/jre/jre/lib/amd64/libzip.so
7f96884cf000-7f96884d0000 r--p 0001a000 08:03 4991193                    /usr/local/android-studio/jre/jre/lib/amd64/libzip.so
7f96884d0000-7f96884d1000 rw-p 0001b000 08:03 4991193                    /usr/local/android-studio/jre/jre/lib/amd64/libzip.so
7f96884d1000-7f96884dc000 r-xp 00000000 08:03 4723142                    /lib/x86_64-linux-gnu/libnss_files-2.23.so
7f96884dc000-7f96886db000 ---p 0000b000 08:03 4723142                    /lib/x86_64-linux-gnu/libnss_files-2.23.so
7f96886db000-7f96886dc000 r--p 0000a000 08:03 4723142                    /lib/x86_64-linux-gnu/libnss_files-2.23.so
7f96886dc000-7f96886dd000 rw-p 0000b000 08:03 4723142                    /lib/x86_64-linux-gnu/libnss_files-2.23.so
7f96886dd000-7f96886e3000 rw-p 00000000 00:00 0 
7f96886e3000-7f96886ee000 r-xp 00000000 08:03 4723123                    /lib/x86_64-linux-gnu/libnss_nis-2.23.so
7f96886ee000-7f96888ed000 ---p 0000b000 08:03 4723123                    /lib/x86_64-linux-gnu/libnss_nis-2.23.so
7f96888ed000-7f96888ee000 r--p 0000a000 08:03 4723123                    /lib/x86_64-linux-gnu/libnss_nis-2.23.so
7f96888ee000-7f96888ef000 rw-p 0000b000 08:03 4723123                    /lib/x86_64-linux-gnu/libnss_nis-2.23.so
7f96888ef000-7f9688905000 r-xp 00000000 08:03 4723134                    /lib/x86_64-linux-gnu/libnsl-2.23.so
7f9688905000-7f9688b04000 ---p 00016000 08:03 4723134                    /lib/x86_64-linux-gnu/libnsl-2.23.so
7f9688b04000-7f9688b05000 r--p 00015000 08:03 4723134                    /lib/x86_64-linux-gnu/libnsl-2.23.so
7f9688b05000-7f9688b06000 rw-p 00016000 08:03 4723134                    /lib/x86_64-linux-gnu/libnsl-2.23.so
7f9688b06000-7f9688b08000 rw-p 00000000 00:00 0 
7f9688b08000-7f9688b10000 r-xp 00000000 08:03 4723135                    /lib/x86_64-linux-gnu/libnss_compat-2.23.so
7f9688b10000-7f9688d0f000 ---p 00008000 08:03 4723135                    /lib/x86_64-linux-gnu/libnss_compat-2.23.so
7f9688d0f000-7f9688d10000 r--p 00007000 08:03 4723135                    /lib/x86_64-linux-gnu/libnss_compat-2.23.so
7f9688d10000-7f9688d11000 rw-p 00008000 08:03 4723135                    /lib/x86_64-linux-gnu/libnss_compat-2.23.so
7f9688d11000-7f9688d3e000 r-xp 00000000 08:03 4991203                    /usr/local/android-studio/jre/jre/lib/amd64/libjava.so
7f9688d3e000-7f9688f3d000 ---p 0002d000 08:03 4991203                    /usr/local/android-studio/jre/jre/lib/amd64/libjava.so
7f9688f3d000-7f9688f3e000 r--p 0002c000 08:03 4991203                    /usr/local/android-studio/jre/jre/lib/amd64/libjava.so
7f9688f3e000-7f9688f40000 rw-p 0002d000 08:03 4991203                    /usr/local/android-studio/jre/jre/lib/amd64/libjava.so
7f9688f40000-7f9688f50000 r-xp 00000000 08:03 4991219                    /usr/local/android-studio/jre/jre/lib/amd64/libverify.so
7f9688f50000-7f968914f000 ---p 00010000 08:03 4991219                    /usr/local/android-studio/jre/jre/lib/amd64/libverify.so
7f968914f000-7f9689151000 r--p 0000f000 08:03 4991219                    /usr/local/android-studio/jre/jre/lib/amd64/libverify.so
7f9689151000-7f9689152000 rw-p 00011000 08:03 4991219                    /usr/local/android-studio/jre/jre/lib/amd64/libverify.so
7f9689152000-7f9689159000 r-xp 00000000 08:03 4723122                    /lib/x86_64-linux-gnu/librt-2.23.so
7f9689159000-7f9689358000 ---p 00007000 08:03 4723122                    /lib/x86_64-linux-gnu/librt-2.23.so
7f9689358000-7f9689359000 r--p 00006000 08:03 4723122                    /lib/x86_64-linux-gnu/librt-2.23.so
7f9689359000-7f968935a000 rw-p 00007000 08:03 4723122                    /lib/x86_64-linux-gnu/librt-2.23.so
7f968935a000-7f9689462000 r-xp 00000000 08:03 4723132                    /lib/x86_64-linux-gnu/libm-2.23.so
7f9689462000-7f9689661000 ---p 00108000 08:03 4723132                    /lib/x86_64-linux-gnu/libm-2.23.so
7f9689661000-7f9689662000 r--p 00107000 08:03 4723132                    /lib/x86_64-linux-gnu/libm-2.23.so
7f9689662000-7f9689663000 rw-p 00108000 08:03 4723132                    /lib/x86_64-linux-gnu/libm-2.23.so
7f9689663000-7f968a254000 r-xp 00000000 08:03 4991223                    /usr/local/android-studio/jre/jre/lib/amd64/server/libjvm.so
7f968a254000-7f968a454000 ---p 00bf1000 08:03 4991223                    /usr/local/android-studio/jre/jre/lib/amd64/server/libjvm.so
7f968a454000-7f968a4f3000 r--p 00bf1000 08:03 4991223                    /usr/local/android-studio/jre/jre/lib/amd64/server/libjvm.so
7f968a4f3000-7f968a51c000 rw-p 00c90000 08:03 4991223                    /usr/local/android-studio/jre/jre/lib/amd64/server/libjvm.so
7f968a51c000-7f968a560000 rw-p 00000000 00:00 0 
7f968a560000-7f968a578000 r-xp 00000000 08:03 4723133                    /lib/x86_64-linux-gnu/libpthread-2.23.so
7f968a578000-7f968a777000 ---p 00018000 08:03 4723133                    /lib/x86_64-linux-gnu/libpthread-2.23.so
7f968a777000-7f968a778000 r--p 00017000 08:03 4723133                    /lib/x86_64-linux-gnu/libpthread-2.23.so
7f968a778000-7f968a779000 rw-p 00018000 08:03 4723133                    /lib/x86_64-linux-gnu/libpthread-2.23.so
7f968a779000-7f968a77d000 rw-p 00000000 00:00 0 
7f968a77d000-7f968a780000 r-xp 00000000 08:03 4723126                    /lib/x86_64-linux-gnu/libdl-2.23.so
7f968a780000-7f968a97f000 ---p 00003000 08:03 4723126                    /lib/x86_64-linux-gnu/libdl-2.23.so
7f968a97f000-7f968a980000 r--p 00002000 08:03 4723126                    /lib/x86_64-linux-gnu/libdl-2.23.so
7f968a980000-7f968a981000 rw-p 00003000 08:03 4723126                    /lib/x86_64-linux-gnu/libdl-2.23.so
7f968a981000-7f968ab40000 r-xp 00000000 08:03 4723127                    /lib/x86_64-linux-gnu/libc-2.23.so
7f968ab40000-7f968ad40000 ---p 001bf000 08:03 4723127                    /lib/x86_64-linux-gnu/libc-2.23.so
7f968ad40000-7f968ad44000 r--p 001bf000 08:03 4723127                    /lib/x86_64-linux-gnu/libc-2.23.so
7f968ad44000-7f968ad46000 rw-p 001c3000 08:03 4723127                    /lib/x86_64-linux-gnu/libc-2.23.so
7f968ad46000-7f968ad4a000 rw-p 00000000 00:00 0 
7f968ad4a000-7f968ad60000 r-xp 00000000 08:03 4991083                    /usr/local/android-studio/jre/lib/amd64/jli/libjli.so
7f968ad60000-7f968af5f000 ---p 00016000 08:03 4991083                    /usr/local/android-studio/jre/lib/amd64/jli/libjli.so
7f968af5f000-7f968af60000 r--p 00015000 08:03 4991083                    /usr/local/android-studio/jre/lib/amd64/jli/libjli.so
7f968af60000-7f968af61000 rw-p 00016000 08:03 4991083                    /usr/local/android-studio/jre/lib/amd64/jli/libjli.so
7f968af61000-7f968af87000 r-xp 00000000 08:03 4723116                    /lib/x86_64-linux-gnu/ld-2.23.so
7f968af87000-7f968af88000 r--s 00000000 08:03 3156232                    /home/vittal/.gradle/wrapper/dists/gradle-3.3-all/55gk2rcmfc6p2dg9u9ohc3hw9/gradle-3.3/lib/javax.inject-1.jar
7f968af88000-7f968af89000 r--s 00000000 08:03 3156231                    /home/vittal/.gradle/wrapper/dists/gradle-3.3-all/55gk2rcmfc6p2dg9u9ohc3hw9/gradle-3.3/lib/jcip-annotations-1.0.jar
7f968af89000-7f968af8d000 r--s 00027000 08:03 3156230                    /home/vittal/.gradle/wrapper/dists/gradle-3.3-all/55gk2rcmfc6p2dg9u9ohc3hw9/gradle-3.3/lib/commons-io-2.2.jar
7f968af8d000-7f968af92000 r--s 00038000 08:03 3156227                    /home/vittal/.gradle/wrapper/dists/gradle-3.3-all/55gk2rcmfc6p2dg9u9ohc3hw9/gradle-3.3/lib/asm-all-5.1.jar
7f968af92000-7f968af93000 r--s 00001000 08:03 3156223                    /home/vittal/.gradle/wrapper/dists/gradle-3.3-all/55gk2rcmfc6p2dg9u9ohc3hw9/gradle-3.3/lib/gradle-process-services-3.3.jar
7f968af93000-7f968af95000 r--s 00000000 08:03 3156213                    /home/vittal/.gradle/wrapper/dists/gradle-3.3-all/55gk2rcmfc6p2dg9u9ohc3hw9/gradle-3.3/lib/gradle-jvm-services-3.3.jar
7f968af95000-7f968af9a000 r--s 00041000 08:03 3156222                    /home/vittal/.gradle/wrapper/dists/gradle-3.3-all/55gk2rcmfc6p2dg9u9ohc3hw9/gradle-3.3/lib/commons-lang-2.6.jar
7f968af9a000-7f968afa3000 r--s 00042000 08:03 3156212                    /home/vittal/.gradle/wrapper/dists/gradle-3.3-all/55gk2rcmfc6p2dg9u9ohc3hw9/gradle-3.3/lib/gradle-base-services-3.3.jar
7f968afa3000-7f968b065000 rw-p 00000000 00:00 0 
7f968b065000-7f968b068000 ---p 00000000 00:00 0 
7f968b068000-7f968b16a000 rw-p 00000000 00:00 0 
7f968b16a000-7f968b16b000 r--s 00000000 08:03 3156378                    /home/vittal/.gradle/wrapper/dists/gradle-3.3-all/55gk2rcmfc6p2dg9u9ohc3hw9/gradle-3.3/lib/gradle-version-info-3.3.jar
7f968b16b000-7f968b16c000 r--s 00007000 08:03 3156220                    /home/vittal/.gradle/wrapper/dists/gradle-3.3-all/55gk2rcmfc6p2dg9u9ohc3hw9/gradle-3.3/lib/slf4j-api-1.7.10.jar
7f968b16c000-7f968b16d000 r--s 00004000 08:03 3156245                    /home/vittal/.gradle/wrapper/dists/gradle-3.3-all/55gk2rcmfc6p2dg9u9ohc3hw9/gradle-3.3/lib/ant-launcher-1.9.6.jar
7f968b16d000-7f968b17a000 r--s 0005c000 08:03 3156209                    /home/vittal/.gradle/wrapper/dists/gradle-3.3-all/55gk2rcmfc6p2dg9u9ohc3hw9/gradle-3.3/lib/gradle-launcher-3.3.jar
7f968b17a000-7f968b182000 rw-s 00000000 08:03 527958                     /tmp/hsperfdata_vittal/3168
7f968b182000-7f968b183000 rw-p 00000000 00:00 0 
7f968b183000-7f968b184000 r--p 00000000 00:00 0 
7f968b184000-7f968b186000 rw-p 00000000 00:00 0 
7f968b186000-7f968b187000 r--p 00025000 08:03 4723116                    /lib/x86_64-linux-gnu/ld-2.23.so
7f968b187000-7f968b188000 rw-p 00026000 08:03 4723116                    /lib/x86_64-linux-gnu/ld-2.23.so
7f968b188000-7f968b189000 rw-p 00000000 00:00 0 
7ffc265e0000-7ffc26601000 rw-p 00000000 00:00 0                          [stack]
7ffc267a0000-7ffc267a2000 r--p 00000000 00:00 0                          [vvar]
7ffc267a2000-7ffc267a4000 r-xp 00000000 00:00 0                          [vdso]
ffffffffff600000-ffffffffff601000 r-xp 00000000 00:00 0                  [vsyscall]

VM Arguments:
jvm_args: -Xmx1536m -Dfile.encoding=UTF-8 -Duser.country=IN -Duser.language=en -Duser.variant 
java_command: org.gradle.launcher.daemon.bootstrap.GradleDaemon 3.3
java_class_path (initial): /home/vittal/.gradle/wrapper/dists/gradle-3.3-all/55gk2rcmfc6p2dg9u9ohc3hw9/gradle-3.3/lib/gradle-launcher-3.3.jar
Launcher Type: SUN_STANDARD

Environment Variables:
JAVA_HOME=/usr/lib/jvm/java-8-oracle
PATH=/home/vittal/bin:/home/vittal/.local/bin:/usr/local/sbin:/usr/local/bin:/usr/sbin:/usr/bin:/sbin:/bin:/usr/games:/usr/local/games:/snap/bin:/usr/lib/jvm/java-8-oracle/bin:/usr/lib/jvm/java-8-oracle/db/bin:/usr/lib/jvm/java-8-oracle/jre/bin
LD_LIBRARY_PATH=/usr/local/android-studio/bin:
SHELL=/bin/bash
DISPLAY=:0

Signal Handlers:
SIGSEGV: [libjvm.so+0x9e5150], sa_mask[0]=11111111011111111101111111111110, sa_flags=SA_RESTART|SA_SIGINFO
SIGBUS: [libjvm.so+0x9e5150], sa_mask[0]=11111111011111111101111111111110, sa_flags=SA_RESTART|SA_SIGINFO
SIGFPE: [libjvm.so+0x848450], sa_mask[0]=11111111011111111101111111111110, sa_flags=SA_RESTART|SA_SIGINFO
SIGPIPE: [libjvm.so+0x848450], sa_mask[0]=11111111011111111101111111111110, sa_flags=SA_RESTART|SA_SIGINFO
SIGXFSZ: [libjvm.so+0x848450], sa_mask[0]=11111111011111111101111111111110, sa_flags=SA_RESTART|SA_SIGINFO
SIGILL: [libjvm.so+0x848450], sa_mask[0]=11111111011111111101111111111110, sa_flags=SA_RESTART|SA_SIGINFO
SIGUSR1: SIG_DFL, sa_mask[0]=00000000000000000000000000000000, sa_flags=none
SIGUSR2: [libjvm.so+0x848320], sa_mask[0]=00100000000000000000000000000000, sa_flags=SA_RESTART|SA_SIGINFO
SIGHUP: [libjvm.so+0x848510], sa_mask[0]=11111111011111111101111111111110, sa_flags=SA_RESTART|SA_SIGINFO
SIGINT: [libjvm.so+0x848510], sa_mask[0]=11111111011111111101111111111110, sa_flags=SA_RESTART|SA_SIGINFO
SIGTERM: [libjvm.so+0x848510], sa_mask[0]=11111111011111111101111111111110, sa_flags=SA_RESTART|SA_SIGINFO
SIGQUIT: [libjvm.so+0x848510], sa_mask[0]=11111111011111111101111111111110, sa_flags=SA_RESTART|SA_SIGINFO


---------------  S Y S T E M  ---------------

OS:DISTRIB_ID=Ubuntu
DISTRIB_RELEASE=16.04
DISTRIB_CODENAME=xenial
DISTRIB_DESCRIPTION="Ubuntu 16.04.1 LTS"

uname:Linux 4.4.0-59-generic #80-Ubuntu SMP Fri Jan 6 17:47:47 UTC 2017 x86_64
libc:glibc 2.23 NPTL 2.23 
rlimit: STACK 8192k, CORE 0k, NPROC 30350, NOFILE 65536, AS infinity
load average:1.70 0.90 0.55

/proc/meminfo:
MemTotal:        8035136 kB
MemFree:         3658240 kB
MemAvailable:    4827736 kB
Buffers:          125324 kB
Cached:          1537024 kB
SwapCached:            0 kB
Active:          3135512 kB
Inactive:         987176 kB
Active(anon):    2462916 kB
Inactive(anon):   325252 kB
Active(file):     672596 kB
Inactive(file):   661924 kB
Unevictable:          68 kB
Mlocked:              68 kB
SwapTotal:      16264188 kB
SwapFree:       16264188 kB
Dirty:             26444 kB
Writeback:             0 kB
AnonPages:       2460816 kB
Mapped:           457484 kB
Shmem:            327296 kB
Slab:             149092 kB
SReclaimable:     108824 kB
SUnreclaim:        40268 kB
KernelStack:       10480 kB
PageTables:        42524 kB
NFS_Unstable:          0 kB
Bounce:                0 kB
WritebackTmp:          0 kB
CommitLimit:    20281756 kB
Committed_AS:    7310436 kB
VmallocTotal:   34359738367 kB
VmallocUsed:           0 kB
VmallocChunk:          0 kB
HardwareCorrupted:     0 kB
AnonHugePages:    970752 kB
CmaTotal:              0 kB
CmaFree:               0 kB
HugePages_Total:       0
HugePages_Free:        0
HugePages_Rsvd:        0
HugePages_Surp:        0
Hugepagesize:       2048 kB
DirectMap4k:      159024 kB
DirectMap2M:     5992448 kB
DirectMap1G:     3145728 kB


CPU:total 4 (2 cores per cpu, 2 threads per core) family 6 model 60 stepping 3, cmov, cx8, fxsr, mmx, sse, sse2, sse3, ssse3, sse4.1, sse4.2, popcnt, avx, avx2, aes, clmul, erms, lzcnt, ht, tsc, tscinvbit, bmi1, bmi2

/proc/cpuinfo:
processor	: 0
vendor_id	: GenuineIntel
cpu family	: 6
model		: 60
model name	: Intel(R) Core(TM) i3-4130 CPU @ 3.40GHz
stepping	: 3
microcode	: 0x1e
cpu MHz		: 3400.000
cache size	: 3072 KB
physical id	: 0
siblings	: 4
core id		: 0
cpu cores	: 2
apicid		: 0
initial apicid	: 0
fpu		: yes
fpu_exception	: yes
cpuid level	: 13
wp		: yes
flags		: fpu vme de pse tsc msr pae mce cx8 apic sep mtrr pge mca cmov pat pse36 clflush dts acpi mmx fxsr sse sse2 ss ht tm pbe syscall nx pdpe1gb rdtscp lm constant_tsc arch_perfmon pebs bts rep_good nopl xtopology nonstop_tsc aperfmperf eagerfpu pni pclmulqdq dtes64 monitor ds_cpl vmx est tm2 ssse3 sdbg fma cx16 xtpr pdcm pcid sse4_1 sse4_2 movbe popcnt tsc_deadline_timer aes xsave avx f16c rdrand lahf_lm abm epb tpr_shadow vnmi flexpriority ept vpid fsgsbase tsc_adjust bmi1 avx2 smep bmi2 erms invpcid xsaveopt dtherm arat pln pts
bugs		:
bogomips	: 6784.54
clflush size	: 64
cache_alignment	: 64
address sizes	: 39 bits physical, 48 bits virtual
power management:

processor	: 1
vendor_id	: GenuineIntel
cpu family	: 6
model		: 60
model name	: Intel(R) Core(TM) i3-4130 CPU @ 3.40GHz
stepping	: 3
microcode	: 0x1e
cpu MHz		: 3399.867
cache size	: 3072 KB
physical id	: 0
siblings	: 4
core id		: 1
cpu cores	: 2
apicid		: 2
initial apicid	: 2
fpu		: yes
fpu_exception	: yes
cpuid level	: 13
wp		: yes
flags		: fpu vme de pse tsc msr pae mce cx8 apic sep mtrr pge mca cmov pat pse36 clflush dts acpi mmx fxsr sse sse2 ss ht tm pbe syscall nx pdpe1gb rdtscp lm constant_tsc arch_perfmon pebs bts rep_good nopl xtopology nonstop_tsc aperfmperf eagerfpu pni pclmulqdq dtes64 monitor ds_cpl vmx est tm2 ssse3 sdbg fma cx16 xtpr pdcm pcid sse4_1 sse4_2 movbe popcnt tsc_deadline_timer aes xsave avx f16c rdrand lahf_lm abm epb tpr_shadow vnmi flexpriority ept vpid fsgsbase tsc_adjust bmi1 avx2 smep bmi2 erms invpcid xsaveopt dtherm arat pln pts
bugs		:
bogomips	: 6784.54
clflush size	: 64
cache_alignment	: 64
address sizes	: 39 bits physical, 48 bits virtual
power management:

processor	: 2
vendor_id	: GenuineIntel
cpu family	: 6
model		: 60
model name	: Intel(R) Core(TM) i3-4130 CPU @ 3.40GHz
stepping	: 3
microcode	: 0x1e
cpu MHz		: 3399.867
cache size	: 3072 KB
physical id	: 0
siblings	: 4
core id		: 0
cpu cores	: 2
apicid		: 1
initial apicid	: 1
fpu		: yes
fpu_exception	: yes
cpuid level	: 13
wp		: yes
flags		: fpu vme de pse tsc msr pae mce cx8 apic sep mtrr pge mca cmov pat pse36 clflush dts acpi mmx fxsr sse sse2 ss ht tm pbe syscall nx pdpe1gb rdtscp lm constant_tsc arch_perfmon pebs bts rep_good nopl xtopology nonstop_tsc aperfmperf eagerfpu pni pclmulqdq dtes64 monitor ds_cpl vmx est tm2 ssse3 sdbg fma cx16 xtpr pdcm pcid sse4_1 sse4_2 movbe popcnt tsc_deadline_timer aes xsave avx f16c rdrand lahf_lm abm epb tpr_shadow vnmi flexpriority ept vpid fsgsbase tsc_adjust bmi1 avx2 smep bmi2 erms invpcid xsaveopt dtherm arat pln pts
bugs		:
bogomips	: 6784.54
clflush size	: 64
cache_alignment	: 64
address sizes	: 39 bits physical, 48 bits virtual
power management:

processor	: 3
vendor_id	: GenuineIntel
cpu family	: 6
model		: 60
model name	: Intel(R) Core(TM) i3-4130 CPU @ 3.40GHz
stepping	: 3
microcode	: 0x1e
cpu MHz		: 3400.000
cache size	: 3072 KB
physical id	: 0
siblings	: 4
core id		: 1
cpu cores	: 2
apicid		: 3
initial apicid	: 3
fpu		: yes
fpu_exception	: yes
cpuid level	: 13
wp		: yes
flags		: fpu vme de pse tsc msr pae mce cx8 apic sep mtrr pge mca cmov pat pse36 clflush dts acpi mmx fxsr sse sse2 ss ht tm pbe syscall nx pdpe1gb rdtscp lm constant_tsc arch_perfmon pebs bts rep_good nopl xtopology nonstop_tsc aperfmperf eagerfpu pni pclmulqdq dtes64 monitor ds_cpl vmx est tm2 ssse3 sdbg fma cx16 xtpr pdcm pcid sse4_1 sse4_2 movbe popcnt tsc_deadline_timer aes xsave avx f16c rdrand lahf_lm abm epb tpr_shadow vnmi flexpriority ept vpid fsgsbase tsc_adjust bmi1 avx2 smep bmi2 erms invpcid xsaveopt dtherm arat pln pts
bugs		:
bogomips	: 6784.54
clflush size	: 64
cache_alignment	: 64
address sizes	: 39 bits physical, 48 bits virtual
power management:



Memory: 4k page, physical 8035136k(3658240k free), swap 16264188k(16264188k free)

vm_info: OpenJDK 64-Bit Server VM (25.112-b06) for linux-amd64 JRE (1.8.0_112-release-b06), built on Dec  6 2016 12:11:18 by "builder" with gcc 4.8.4

time: Sun Mar 12 13:24:16 2017
elapsed time: 17 seconds (0d 0h 0m 17s)

